# JRE version: OpenJDK Runtime Environment (8.0_242-b01) (build 1.8.0_242-release-1644-b01)
# Java VM: OpenJDK 64-Bit Server VM (25.242-b01 mixed mode windows-amd64 compressed oops)
Heap:
 PSYoungGen      total 303104K, used 114634K [0x00000000d5580000, 0x00000000ee200000, 0x0000000100000000)
  eden space 255488K, 35% used [0x00000000d5580000,0x00000000dae2ee68,0x00000000e4f00000)
  from space 47616K, 50% used [0x00000000eb380000,0x00000000ecac3ae8,0x00000000ee200000)
  to   space 49152K, 0% used [0x00000000e4f00000,0x00000000e4f00000,0x00000000e7f00000)
 ParOldGen       total 156160K, used 155735K [0x0000000080000000, 0x0000000089880000, 0x00000000d5580000)
  object space 156160K, 99% used [0x0000000080000000,0x0000000089815d58,0x0000000089880000)
 Metaspace       used 79872K, capacity 84524K, committed 87640K, reserved 1124352K
  class space    used 10939K, capacity 11876K, committed 12672K, reserved 1048576K
GC Heap History (10 events):
Event: 23.987 GC heap before
{Heap before GC invocations=22 (full 3):
 PSYoungGen      total 269824K, used 264460K [0x00000000d5580000, 0x00000000e8800000, 0x0000000100000000)
  eden space 235008K, 100% used [0x00000000d5580000,0x00000000e3b00000,0x00000000e3b00000)
  from space 34816K, 84% used [0x00000000e6000000,0x00000000e7cc3148,0x00000000e8200000)
  to   space 37888K, 0% used [0x00000000e3b00000,0x00000000e3b00000,0x00000000e6000000)
 ParOldGen       total 156160K, used 56154K [0x0000000080000000, 0x0000000089880000, 0x00000000d5580000)
  object space 156160K, 35% used [0x0000000080000000,0x00000000836d6a18,0x0000000089880000)
 Metaspace       used 69200K, capacity 73160K, committed 73432K, reserved 1112064K
  class space    used 9424K, capacity 10194K, committed 10240K, reserved 1048576K
Event: 24.010 GC heap after
Heap after GC invocations=22 (full 3):
 PSYoungGen      total 272896K, used 28349K [0x00000000d5580000, 0x00000000ea600000, 0x0000000100000000)
  eden space 235008K, 0% used [0x00000000d5580000,0x00000000d5580000,0x00000000e3b00000)
  from space 37888K, 74% used [0x00000000e3b00000,0x00000000e56af4b8,0x00000000e6000000)
  to   space 39936K, 0% used [0x00000000e7f00000,0x00000000e7f00000,0x00000000ea600000)
 ParOldGen       total 156160K, used 56162K [0x0000000080000000, 0x0000000089880000, 0x00000000d5580000)
  object space 156160K, 35% used [0x0000000080000000,0x00000000836d8a18,0x0000000089880000)
 Metaspace       used 69200K, capacity 73160K, committed 73432K, reserved 1112064K
  class space    used 9424K, capacity 10194K, committed 10240K, reserved 1048576K
}
Event: 24.407 GC heap before
{Heap before GC invocations=23 (full 3):
 PSYoungGen      total 272896K, used 263357K [0x00000000d5580000, 0x00000000ea600000, 0x0000000100000000)
  eden space 235008K, 100% used [0x00000000d5580000,0x00000000e3b00000,0x00000000e3b00000)
  from space 37888K, 74% used [0x00000000e3b00000,0x00000000e56af4b8,0x00000000e6000000)
  to   space 39936K, 0% used [0x00000000e7f00000,0x00000000e7f00000,0x00000000ea600000)
 ParOldGen       total 156160K, used 56166K [0x0000000080000000, 0x0000000089880000, 0x00000000d5580000)
  object space 156160K, 35% used [0x0000000080000000,0x00000000836d9848,0x0000000089880000)
 Metaspace       used 69217K, capacity 73192K, committed 73432K, reserved 1112064K
  class space    used 9426K, capacity 10226K, committed 10240K, reserved 1048576K
Event: 24.483 GC heap after
Heap after GC invocations=23 (full 3):
 PSYoungGen      total 295424K, used 39929K [0x00000000d5580000, 0x00000000ed100000, 0x0000000100000000)
  eden space 255488K, 0% used [0x00000000d5580000,0x00000000d5580000,0x00000000e4f00000)
  from space 39936K, 99% used [0x00000000e7f00000,0x00000000ea5fe600,0x00000000ea600000)
  to   space 49152K, 0% used [0x00000000e4f00000,0x00000000e4f00000,0x00000000e7f00000)
 ParOldGen       total 156160K, used 65184K [0x0000000080000000, 0x0000000089880000, 0x00000000d5580000)
  object space 156160K, 41% used [0x0000000080000000,0x0000000083fa83b8,0x0000000089880000)
 Metaspace       used 69217K, capacity 73192K, committed 73432K, reserved 1112064K
  class space    used 9426K, capacity 10226K, committed 10240K, reserved 1048576K
}
Event: 27.920 GC heap before
{Heap before GC invocations=24 (full 3):
 PSYoungGen      total 295424K, used 295417K [0x00000000d5580000, 0x00000000ed100000, 0x0000000100000000)
  eden space 255488K, 100% used [0x00000000d5580000,0x00000000e4f00000,0x00000000e4f00000)
  from space 39936K, 99% used [0x00000000e7f00000,0x00000000ea5fe600,0x00000000ea600000)
  to   space 49152K, 0% used [0x00000000e4f00000,0x00000000e4f00000,0x00000000e7f00000)
 ParOldGen       total 156160K, used 65184K [0x0000000080000000, 0x0000000089880000, 0x00000000d5580000)
  object space 156160K, 41% used [0x0000000080000000,0x0000000083fa83b8,0x0000000089880000)
 Metaspace       used 80183K, capacity 86478K, committed 86744K, reserved 1124352K
  class space    used 11244K, capacity 12487K, committed 12544K, reserved 1048576K
Event: 27.981 GC heap after
Heap after GC invocations=24 (full 3):
 PSYoungGen      total 304640K, used 24143K [0x00000000d5580000, 0x00000000ee200000, 0x0000000100000000)
  eden space 255488K, 0% used [0x00000000d5580000,0x00000000d5580000,0x00000000e4f00000)
  from space 49152K, 49% used [0x00000000e4f00000,0x00000000e6693fc8,0x00000000e7f00000)
  to   space 47616K, 0% used [0x00000000eb380000,0x00000000eb380000,0x00000000ee200000)
 ParOldGen       total 156160K, used 79884K [0x0000000080000000, 0x0000000089880000, 0x00000000d5580000)
  object space 156160K, 51% used [0x0000000080000000,0x0000000084e03060,0x0000000089880000)
 Metaspace       used 80183K, capacity 86478K, committed 86744K, reserved 1124352K
  class space    used 11244K, capacity 12487K, committed 12544K, reserved 1048576K
}
Event: 33.467 GC heap before
{Heap before GC invocations=25 (full 3):
 PSYoungGen      total 304640K, used 279631K [0x00000000d5580000, 0x00000000ee200000, 0x0000000100000000)
  eden space 255488K, 100% used [0x00000000d5580000,0x00000000e4f00000,0x00000000e4f00000)
  from space 49152K, 49% used [0x00000000e4f00000,0x00000000e6693fc8,0x00000000e7f00000)
  to   space 47616K, 0% used [0x00000000eb380000,0x00000000eb380000,0x00000000ee200000)
 ParOldGen       total 156160K, used 79884K [0x0000000080000000, 0x0000000089880000, 0x00000000d5580000)
  object space 156160K, 51% used [0x0000000080000000,0x0000000084e03060,0x0000000089880000)
 Metaspace       used 80997K, capacity 87392K, committed 87640K, reserved 1124352K
  class space    used 11342K, capacity 12594K, committed 12672K, reserved 1048576K
Event: 33.627 GC heap after
Heap after GC invocations=25 (full 3):
 PSYoungGen      total 303104K, used 47595K [0x00000000d5580000, 0x00000000ee200000, 0x0000000100000000)
  eden space 255488K, 0% used [0x00000000d5580000,0x00000000d5580000,0x00000000e4f00000)
  from space 47616K, 99% used [0x00000000eb380000,0x00000000ee1fac98,0x00000000ee200000)
  to   space 49152K, 0% used [0x00000000e4f00000,0x00000000e4f00000,0x00000000e7f00000)
 ParOldGen       total 156160K, used 152027K [0x0000000080000000, 0x0000000089880000, 0x00000000d5580000)
  object space 156160K, 97% used [0x0000000080000000,0x0000000089476c68,0x0000000089880000)
 Metaspace       used 80997K, capacity 87392K, committed 87640K, reserved 1124352K
  class space    used 11342K, capacity 12594K, committed 12672K, reserved 1048576K
}
Event: 33.627 GC heap before
{Heap before GC invocations=26 (full 4):
 PSYoungGen      total 303104K, used 47595K [0x00000000d5580000, 0x00000000ee200000, 0x0000000100000000)
  eden space 255488K, 0% used [0x00000000d5580000,0x00000000d5580000,0x00000000e4f00000)
  from space 47616K, 99% used [0x00000000eb380000,0x00000000ee1fac98,0x00000000ee200000)
  to   space 49152K, 0% used [0x00000000e4f00000,0x00000000e4f00000,0x00000000e7f00000)
 ParOldGen       total 156160K, used 152027K [0x0000000080000000, 0x0000000089880000, 0x00000000d5580000)
  object space 156160K, 97% used [0x0000000080000000,0x0000000089476c68,0x0000000089880000)
 Metaspace       used 80997K, capacity 87392K, committed 87640K, reserved 1124352K
  class space    used 11342K, capacity 12594K, committed 12672K, reserved 1048576K
Event: 34.850 GC heap after
Heap after GC invocations=26 (full 4):
 PSYoungGen      total 303104K, used 23822K [0x00000000d5580000, 0x00000000ee200000, 0x0000000100000000)
  eden space 255488K, 0% used [0x00000000d5580000,0x00000000d5580000,0x00000000e4f00000)
  from space 47616K, 50% used [0x00000000eb380000,0x00000000ecac3ae8,0x00000000ee200000)
  to   space 49152K, 0% used [0x00000000e4f00000,0x00000000e4f00000,0x00000000e7f00000)
 ParOldGen       total 156160K, used 155735K [0x0000000080000000, 0x0000000089880000, 0x00000000d5580000)
  object space 156160K, 99% used [0x0000000080000000,0x0000000089815d58,0x0000000089880000)
 Metaspace       used 79850K, capacity 84504K, committed 87640K, reserved 1124352K
  class space    used 10937K, capacity 11874K, committed 12672K, reserved 1048576K
}

