# JRE version: OpenJDK Runtime Environment (8.0_242-b01) (build 1.8.0_242-release-1644-b01)
# Java VM: OpenJDK 64-Bit Server VM (25.242-b01 mixed mode windows-amd64 compressed oops)
Heap:
 PSYoungGen      total 582144K, used 60293K [0x00000000d5580000, 0x00000000fb080000, 0x0000000100000000)
  eden space 546816K, 11% used [0x00000000d5580000,0x00000000d9061708,0x00000000f6b80000)
  from space 35328K, 0% used [0x00000000f6b80000,0x00000000f6b80000,0x00000000f8e00000)
  to   space 28160K, 0% used [0x00000000f8f00000,0x00000000f8f00000,0x00000000faa80000)
 ParOldGen       total 128512K, used 124092K [0x0000000080000000, 0x0000000087d80000, 0x00000000d5580000)
  object space 128512K, 96% used [0x0000000080000000,0x000000008792f128,0x0000000087d80000)
 Metaspace       used 89600K, capacity 93214K, committed 94552K, reserved 1130496K
  class space    used 11831K, capacity 12621K, committed 12928K, reserved 1048576K
GC Heap History (10 events):
Event: 10.005 GC heap before
{Heap before GC invocations=11 (full 2):
 PSYoungGen      total 431104K, used 212494K [0x00000000d5580000, 0x00000000f2200000, 0x0000000100000000)
  eden space 415232K, 47% used [0x00000000d5580000,0x00000000e1586e10,0x00000000eeb00000)
  from space 15872K, 99% used [0x00000000f1280000,0x00000000f21fcd30,0x00000000f2200000)
  to   space 19456K, 0% used [0x00000000efc00000,0x00000000efc00000,0x00000000f0f00000)
 ParOldGen       total 74752K, used 18814K [0x0000000080000000, 0x0000000084900000, 0x00000000d5580000)
  object space 74752K, 25% used [0x0000000080000000,0x000000008125fa28,0x0000000084900000)
 Metaspace       used 56523K, capacity 58982K, committed 59028K, reserved 1099776K
  class space    used 7637K, capacity 8162K, committed 8192K, reserved 1048576K
Event: 10.050 GC heap after
Heap after GC invocations=11 (full 2):
 PSYoungGen      total 452096K, used 19452K [0x00000000d5580000, 0x00000000faa80000, 0x0000000100000000)
  eden space 432640K, 0% used [0x00000000d5580000,0x00000000d5580000,0x00000000efc00000)
  from space 19456K, 99% used [0x00000000efc00000,0x00000000f0eff300,0x00000000f0f00000)
  to   space 28160K, 0% used [0x00000000f8f00000,0x00000000f8f00000,0x00000000faa80000)
 ParOldGen       total 74752K, used 32796K [0x0000000080000000, 0x0000000084900000, 0x00000000d5580000)
  object space 74752K, 43% used [0x0000000080000000,0x00000000820073f8,0x0000000084900000)
 Metaspace       used 56523K, capacity 58982K, committed 59028K, reserved 1099776K
  class space    used 7637K, capacity 8162K, committed 8192K, reserved 1048576K
}
Event: 10.050 GC heap before
{Heap before GC invocations=12 (full 3):
 PSYoungGen      total 452096K, used 19452K [0x00000000d5580000, 0x00000000faa80000, 0x0000000100000000)
  eden space 432640K, 0% used [0x00000000d5580000,0x00000000d5580000,0x00000000efc00000)
  from space 19456K, 99% used [0x00000000efc00000,0x00000000f0eff300,0x00000000f0f00000)
  to   space 28160K, 0% used [0x00000000f8f00000,0x00000000f8f00000,0x00000000faa80000)
 ParOldGen       total 74752K, used 32796K [0x0000000080000000, 0x0000000084900000, 0x00000000d5580000)
  object space 74752K, 43% used [0x0000000080000000,0x00000000820073f8,0x0000000084900000)
 Metaspace       used 56523K, capacity 58982K, committed 59028K, reserved 1099776K
  class space    used 7637K, capacity 8162K, committed 8192K, reserved 1048576K
Event: 10.483 GC heap after
Heap after GC invocations=12 (full 3):
 PSYoungGen      total 452096K, used 0K [0x00000000d5580000, 0x00000000faa80000, 0x0000000100000000)
  eden space 432640K, 0% used [0x00000000d5580000,0x00000000d5580000,0x00000000efc00000)
  from space 19456K, 0% used [0x00000000efc00000,0x00000000efc00000,0x00000000f0f00000)
  to   space 28160K, 0% used [0x00000000f8f00000,0x00000000f8f00000,0x00000000faa80000)
 ParOldGen       total 128512K, used 46483K [0x0000000080000000, 0x0000000087d80000, 0x00000000d5580000)
  object space 128512K, 36% used [0x0000000080000000,0x0000000082d64d18,0x0000000087d80000)
 Metaspace       used 56492K, capacity 58880K, committed 59028K, reserved 1099776K
  class space    used 7628K, capacity 8145K, committed 8192K, reserved 1048576K
}
Event: 16.815 GC heap before
{Heap before GC invocations=13 (full 3):
 PSYoungGen      total 452096K, used 432640K [0x00000000d5580000, 0x00000000faa80000, 0x0000000100000000)
  eden space 432640K, 100% used [0x00000000d5580000,0x00000000efc00000,0x00000000efc00000)
  from space 19456K, 0% used [0x00000000efc00000,0x00000000efc00000,0x00000000f0f00000)
  to   space 28160K, 0% used [0x00000000f8f00000,0x00000000f8f00000,0x00000000faa80000)
 ParOldGen       total 128512K, used 46483K [0x0000000080000000, 0x0000000087d80000, 0x00000000d5580000)
  object space 128512K, 36% used [0x0000000080000000,0x0000000082d64d18,0x0000000087d80000)
 Metaspace       used 71744K, capacity 75760K, committed 75992K, reserved 1114112K
  class space    used 9859K, capacity 10641K, committed 10752K, reserved 1048576K
Event: 17.047 GC heap after
Heap after GC invocations=13 (full 3):
 PSYoungGen      total 574976K, used 28133K [0x00000000d5580000, 0x00000000fb080000, 0x0000000100000000)
  eden space 546816K, 0% used [0x00000000d5580000,0x00000000d5580000,0x00000000f6b80000)
  from space 28160K, 99% used [0x00000000f8f00000,0x00000000faa79708,0x00000000faa80000)
  to   space 35328K, 0% used [0x00000000f6b80000,0x00000000f6b80000,0x00000000f8e00000)
 ParOldGen       total 128512K, used 53821K [0x0000000080000000, 0x0000000087d80000, 0x00000000d5580000)
  object space 128512K, 41% used [0x0000000080000000,0x000000008348f710,0x0000000087d80000)
 Metaspace       used 71744K, capacity 75760K, committed 75992K, reserved 1114112K
  class space    used 9859K, capacity 10641K, committed 10752K, reserved 1048576K
}
Event: 26.691 GC heap before
{Heap before GC invocations=14 (full 3):
 PSYoungGen      total 574976K, used 574949K [0x00000000d5580000, 0x00000000fb080000, 0x0000000100000000)
  eden space 546816K, 100% used [0x00000000d5580000,0x00000000f6b80000,0x00000000f6b80000)
  from space 28160K, 99% used [0x00000000f8f00000,0x00000000faa79708,0x00000000faa80000)
  to   space 35328K, 0% used [0x00000000f6b80000,0x00000000f6b80000,0x00000000f8e00000)
 ParOldGen       total 128512K, used 53821K [0x0000000080000000, 0x0000000087d80000, 0x00000000d5580000)
  object space 128512K, 41% used [0x0000000080000000,0x000000008348f710,0x0000000087d80000)
 Metaspace       used 88301K, capacity 92734K, committed 93144K, reserved 1130496K
  class space    used 11820K, capacity 12729K, committed 12800K, reserved 1048576K
Event: 26.773 GC heap after
Heap after GC invocations=14 (full 3):
 PSYoungGen      total 582144K, used 35296K [0x00000000d5580000, 0x00000000fb080000, 0x0000000100000000)
  eden space 546816K, 0% used [0x00000000d5580000,0x00000000d5580000,0x00000000f6b80000)
  from space 35328K, 99% used [0x00000000f6b80000,0x00000000f8df8290,0x00000000f8e00000)
  to   space 28160K, 0% used [0x00000000f8f00000,0x00000000f8f00000,0x00000000faa80000)
 ParOldGen       total 128512K, used 105084K [0x0000000080000000, 0x0000000087d80000, 0x00000000d5580000)
  object space 128512K, 81% used [0x0000000080000000,0x000000008669f300,0x0000000087d80000)
 Metaspace       used 88301K, capacity 92734K, committed 93144K, reserved 1130496K
  class space    used 11820K, capacity 12729K, committed 12800K, reserved 1048576K
}
Event: 26.773 GC heap before
{Heap before GC invocations=15 (full 4):
 PSYoungGen      total 582144K, used 35296K [0x00000000d5580000, 0x00000000fb080000, 0x0000000100000000)
  eden space 546816K, 0% used [0x00000000d5580000,0x00000000d5580000,0x00000000f6b80000)
  from space 35328K, 99% used [0x00000000f6b80000,0x00000000f8df8290,0x00000000f8e00000)
  to   space 28160K, 0% used [0x00000000f8f00000,0x00000000f8f00000,0x00000000faa80000)
 ParOldGen       total 128512K, used 105084K [0x0000000080000000, 0x0000000087d80000, 0x00000000d5580000)
  object space 128512K, 81% used [0x0000000080000000,0x000000008669f300,0x0000000087d80000)
 Metaspace       used 88301K, capacity 92734K, committed 93144K, reserved 1130496K
  class space    used 11820K, capacity 12729K, committed 12800K, reserved 1048576K
Event: 27.260 GC heap after
Heap after GC invocations=15 (full 4):
 PSYoungGen      total 582144K, used 0K [0x00000000d5580000, 0x00000000fb080000, 0x0000000100000000)
  eden space 546816K, 0% used [0x00000000d5580000,0x00000000d5580000,0x00000000f6b80000)
  from space 35328K, 0% used [0x00000000f6b80000,0x00000000f6b80000,0x00000000f8e00000)
  to   space 28160K, 0% used [0x00000000f8f00000,0x00000000f8f00000,0x00000000faa80000)
 ParOldGen       total 128512K, used 124092K [0x0000000080000000, 0x0000000087d80000, 0x00000000d5580000)
  object space 128512K, 96% used [0x0000000080000000,0x000000008792f128,0x0000000087d80000)
 Metaspace       used 87927K, capacity 91624K, committed 93144K, reserved 1130496K
  class space    used 11701K, capacity 12520K, committed 12800K, reserved 1048576K
}

