# JRE version: OpenJDK Runtime Environment (8.0_242-b01) (build 1.8.0_242-release-1644-b01)
# Java VM: OpenJDK 64-Bit Server VM (25.242-b01 mixed mode windows-amd64 compressed oops)
Heap:
 PSYoungGen      total 296960K, used 119587K [0x00000000d5580000, 0x00000000ecf00000, 0x0000000100000000)
  eden space 239616K, 25% used [0x00000000d5580000,0x00000000d924a3b0,0x00000000e3f80000)
  from space 57344K, 99% used [0x00000000e9700000,0x00000000ecefe930,0x00000000ecf00000)
  to   space 59904K, 0% used [0x00000000e3f80000,0x00000000e3f80000,0x00000000e7a00000)
 ParOldGen       total 269824K, used 191021K [0x0000000080000000, 0x0000000090780000, 0x00000000d5580000)
  object space 269824K, 70% used [0x0000000080000000,0x000000008ba8b750,0x0000000090780000)
 Metaspace       used 99094K, capacity 103338K, committed 104408K, reserved 1140736K
  class space    used 12728K, capacity 13581K, committed 13824K, reserved 1048576K
GC Heap History (10 events):
Event: 1515.076 GC heap before
{Heap before GC invocations=22 (full 3):
 PSYoungGen      total 295936K, used 289632K [0x00000000d5580000, 0x00000000ea100000, 0x0000000100000000)
  eden space 259584K, 100% used [0x00000000d5580000,0x00000000e5300000,0x00000000e5300000)
  from space 36352K, 82% used [0x00000000e7b80000,0x00000000e98d8070,0x00000000e9f00000)
  to   space 39936K, 0% used [0x00000000e5300000,0x00000000e5300000,0x00000000e7a00000)
 ParOldGen       total 147456K, used 66384K [0x0000000080000000, 0x0000000089000000, 0x00000000d5580000)
  object space 147456K, 45% used [0x0000000080000000,0x00000000840d43c0,0x0000000089000000)
 Metaspace       used 82398K, capacity 86802K, committed 87000K, reserved 1124352K
  class space    used 10816K, capacity 11674K, committed 11776K, reserved 1048576K
Event: 1515.141 GC heap after
Heap after GC invocations=22 (full 3):
 PSYoungGen      total 290304K, used 39913K [0x00000000d5580000, 0x00000000ea500000, 0x0000000100000000)
  eden space 250368K, 0% used [0x00000000d5580000,0x00000000d5580000,0x00000000e4a00000)
  from space 39936K, 99% used [0x00000000e5300000,0x00000000e79fa740,0x00000000e7a00000)
  to   space 44032K, 0% used [0x00000000e7a00000,0x00000000e7a00000,0x00000000ea500000)
 ParOldGen       total 147456K, used 67934K [0x0000000080000000, 0x0000000089000000, 0x00000000d5580000)
  object space 147456K, 46% used [0x0000000080000000,0x0000000084257a80,0x0000000089000000)
 Metaspace       used 82398K, capacity 86802K, committed 87000K, reserved 1124352K
  class space    used 10816K, capacity 11674K, committed 11776K, reserved 1048576K
}
Event: 1527.478 GC heap before
{Heap before GC invocations=23 (full 3):
 PSYoungGen      total 290304K, used 290281K [0x00000000d5580000, 0x00000000ea500000, 0x0000000100000000)
  eden space 250368K, 100% used [0x00000000d5580000,0x00000000e4a00000,0x00000000e4a00000)
  from space 39936K, 99% used [0x00000000e5300000,0x00000000e79fa740,0x00000000e7a00000)
  to   space 44032K, 0% used [0x00000000e7a00000,0x00000000e7a00000,0x00000000ea500000)
 ParOldGen       total 147456K, used 67934K [0x0000000080000000, 0x0000000089000000, 0x00000000d5580000)
  object space 147456K, 46% used [0x0000000080000000,0x0000000084257a80,0x0000000089000000)
 Metaspace       used 90272K, capacity 95116K, committed 95320K, reserved 1132544K
  class space    used 11745K, capacity 12650K, committed 12672K, reserved 1048576K
Event: 1527.538 GC heap after
Heap after GC invocations=23 (full 3):
 PSYoungGen      total 283648K, used 44015K [0x00000000d5580000, 0x00000000eb680000, 0x0000000100000000)
  eden space 239616K, 0% used [0x00000000d5580000,0x00000000d5580000,0x00000000e3f80000)
  from space 44032K, 99% used [0x00000000e7a00000,0x00000000ea4fbd30,0x00000000ea500000)
  to   space 59904K, 0% used [0x00000000e3f80000,0x00000000e3f80000,0x00000000e7a00000)
 ParOldGen       total 147456K, used 86474K [0x0000000080000000, 0x0000000089000000, 0x00000000d5580000)
  object space 147456K, 58% used [0x0000000080000000,0x0000000085472948,0x0000000089000000)
 Metaspace       used 90272K, capacity 95116K, committed 95320K, reserved 1132544K
  class space    used 11745K, capacity 12650K, committed 12672K, reserved 1048576K
}
Event: 1528.369 GC heap before
{Heap before GC invocations=24 (full 3):
 PSYoungGen      total 283648K, used 76074K [0x00000000d5580000, 0x00000000eb680000, 0x0000000100000000)
  eden space 239616K, 13% used [0x00000000d5580000,0x00000000d74ced00,0x00000000e3f80000)
  from space 44032K, 99% used [0x00000000e7a00000,0x00000000ea4fbd30,0x00000000ea500000)
  to   space 59904K, 0% used [0x00000000e3f80000,0x00000000e3f80000,0x00000000e7a00000)
 ParOldGen       total 147456K, used 86474K [0x0000000080000000, 0x0000000089000000, 0x00000000d5580000)
  object space 147456K, 58% used [0x0000000080000000,0x0000000085472948,0x0000000089000000)
 Metaspace       used 93464K, capacity 98266K, committed 98380K, reserved 1134592K
  class space    used 12113K, capacity 13037K, committed 13056K, reserved 1048576K
Event: 1528.406 GC heap after
Heap after GC invocations=24 (full 3):
 PSYoungGen      total 299520K, used 26093K [0x00000000d5580000, 0x00000000ecf00000, 0x0000000100000000)
  eden space 239616K, 0% used [0x00000000d5580000,0x00000000d5580000,0x00000000e3f80000)
  from space 59904K, 43% used [0x00000000e3f80000,0x00000000e58fb408,0x00000000e7a00000)
  to   space 57344K, 0% used [0x00000000e9700000,0x00000000e9700000,0x00000000ecf00000)
 ParOldGen       total 147456K, used 106060K [0x0000000080000000, 0x0000000089000000, 0x00000000d5580000)
  object space 147456K, 71% used [0x0000000080000000,0x0000000086793220,0x0000000089000000)
 Metaspace       used 93464K, capacity 98266K, committed 98380K, reserved 1134592K
  class space    used 12113K, capacity 13037K, committed 13056K, reserved 1048576K
}
Event: 1528.406 GC heap before
{Heap before GC invocations=25 (full 4):
 PSYoungGen      total 299520K, used 26093K [0x00000000d5580000, 0x00000000ecf00000, 0x0000000100000000)
  eden space 239616K, 0% used [0x00000000d5580000,0x00000000d5580000,0x00000000e3f80000)
  from space 59904K, 43% used [0x00000000e3f80000,0x00000000e58fb408,0x00000000e7a00000)
  to   space 57344K, 0% used [0x00000000e9700000,0x00000000e9700000,0x00000000ecf00000)
 ParOldGen       total 147456K, used 106060K [0x0000000080000000, 0x0000000089000000, 0x00000000d5580000)
  object space 147456K, 71% used [0x0000000080000000,0x0000000086793220,0x0000000089000000)
 Metaspace       used 93464K, capacity 98266K, committed 98380K, reserved 1134592K
  class space    used 12113K, capacity 13037K, committed 13056K, reserved 1048576K
Event: 1528.987 GC heap after
Heap after GC invocations=25 (full 4):
 PSYoungGen      total 299520K, used 0K [0x00000000d5580000, 0x00000000ecf00000, 0x0000000100000000)
  eden space 239616K, 0% used [0x00000000d5580000,0x00000000d5580000,0x00000000e3f80000)
  from space 59904K, 0% used [0x00000000e3f80000,0x00000000e3f80000,0x00000000e7a00000)
  to   space 57344K, 0% used [0x00000000e9700000,0x00000000e9700000,0x00000000ecf00000)
 ParOldGen       total 269824K, used 119367K [0x0000000080000000, 0x0000000090780000, 0x00000000d5580000)
  object space 269824K, 44% used [0x0000000080000000,0x0000000087491e68,0x0000000090780000)
 Metaspace       used 93176K, capacity 97402K, committed 98380K, reserved 1134592K
  class space    used 12021K, capacity 12875K, committed 13056K, reserved 1048576K
}
Event: 1531.628 GC heap before
{Heap before GC invocations=26 (full 4):
 PSYoungGen      total 299520K, used 239616K [0x00000000d5580000, 0x00000000ecf00000, 0x0000000100000000)
  eden space 239616K, 100% used [0x00000000d5580000,0x00000000e3f80000,0x00000000e3f80000)
  from space 59904K, 0% used [0x00000000e3f80000,0x00000000e3f80000,0x00000000e7a00000)
  to   space 57344K, 0% used [0x00000000e9700000,0x00000000e9700000,0x00000000ecf00000)
 ParOldGen       total 269824K, used 119367K [0x0000000080000000, 0x0000000090780000, 0x00000000d5580000)
  object space 269824K, 44% used [0x0000000080000000,0x0000000087491e68,0x0000000090780000)
 Metaspace       used 97925K, capacity 102132K, committed 103256K, reserved 1138688K
  class space    used 12591K, capacity 13440K, committed 13696K, reserved 1048576K
Event: 1532.134 GC heap after
Heap after GC invocations=26 (full 4):
 PSYoungGen      total 296960K, used 57338K [0x00000000d5580000, 0x00000000ecf00000, 0x0000000100000000)
  eden space 239616K, 0% used [0x00000000d5580000,0x00000000d5580000,0x00000000e3f80000)
  from space 57344K, 99% used [0x00000000e9700000,0x00000000ecefe930,0x00000000ecf00000)
  to   space 59904K, 0% used [0x00000000e3f80000,0x00000000e3f80000,0x00000000e7a00000)
 ParOldGen       total 269824K, used 191021K [0x0000000080000000, 0x0000000090780000, 0x00000000d5580000)
  object space 269824K, 70% used [0x0000000080000000,0x000000008ba8b750,0x0000000090780000)
 Metaspace       used 97925K, capacity 102132K, committed 103256K, reserved 1138688K
  class space    used 12591K, capacity 13440K, committed 13696K, reserved 1048576K
}

