# JRE version: OpenJDK Runtime Environment (8.0_242-b01) (build 1.8.0_242-release-1644-b01)
# Java VM: OpenJDK 64-Bit Server VM (25.242-b01 mixed mode windows-amd64 compressed oops)
Heap:
 PSYoungGen      total 142848K, used 101447K [0x00000000d5580000, 0x00000000df280000, 0x0000000100000000)
  eden space 131072K, 68% used [0x00000000d5580000,0x00000000dad12900,0x00000000dd580000)
  from space 11776K, 99% used [0x00000000ddb80000,0x00000000de6ff320,0x00000000de700000)
  to   space 7680K, 0% used [0x00000000deb00000,0x00000000deb00000,0x00000000df280000)
 ParOldGen       total 92160K, used 24831K [0x0000000080000000, 0x0000000085a00000, 0x00000000d5580000)
  object space 92160K, 26% used [0x0000000080000000,0x000000008183fde8,0x0000000085a00000)
 Metaspace       used 53442K, capacity 55732K, committed 55936K, reserved 1097728K
  class space    used 7148K, capacity 7696K, committed 7808K, reserved 1048576K
GC Heap History (10 events):
Event: 11.649 GC heap before
{Heap before GC invocations=9 (full 1):
 PSYoungGen      total 76800K, used 74309K [0x00000000d5580000, 0x00000000dd080000, 0x0000000100000000)
  eden space 66048K, 100% used [0x00000000d5580000,0x00000000d9600000,0x00000000d9600000)
  from space 10752K, 76% used [0x00000000d9600000,0x00000000d9e11500,0x00000000da080000)
  to   space 11264K, 0% used [0x00000000dc580000,0x00000000dc580000,0x00000000dd080000)
 ParOldGen       total 60416K, used 9257K [0x0000000080000000, 0x0000000083b00000, 0x00000000d5580000)
  object space 60416K, 15% used [0x0000000080000000,0x000000008090a4b8,0x0000000083b00000)
 Metaspace       used 32882K, capacity 33942K, committed 34304K, reserved 1079296K
  class space    used 4493K, capacity 4755K, committed 4864K, reserved 1048576K
Event: 11.663 GC heap after
Heap after GC invocations=9 (full 1):
 PSYoungGen      total 114176K, used 9481K [0x00000000d5580000, 0x00000000dd100000, 0x0000000100000000)
  eden space 102912K, 0% used [0x00000000d5580000,0x00000000d5580000,0x00000000dba00000)
  from space 11264K, 84% used [0x00000000dc580000,0x00000000dcec2498,0x00000000dd080000)
  to   space 11776K, 0% used [0x00000000dba00000,0x00000000dba00000,0x00000000dc580000)
 ParOldGen       total 60416K, used 9265K [0x0000000080000000, 0x0000000083b00000, 0x00000000d5580000)
  object space 60416K, 15% used [0x0000000080000000,0x000000008090c4b8,0x0000000083b00000)
 Metaspace       used 32882K, capacity 33942K, committed 34304K, reserved 1079296K
  class space    used 4493K, capacity 4755K, committed 4864K, reserved 1048576K
}
Event: 12.307 GC heap before
{Heap before GC invocations=10 (full 1):
 PSYoungGen      total 114176K, used 41321K [0x00000000d5580000, 0x00000000dd100000, 0x0000000100000000)
  eden space 102912K, 30% used [0x00000000d5580000,0x00000000d7498280,0x00000000dba00000)
  from space 11264K, 84% used [0x00000000dc580000,0x00000000dcec2498,0x00000000dd080000)
  to   space 11776K, 0% used [0x00000000dba00000,0x00000000dba00000,0x00000000dc580000)
 ParOldGen       total 60416K, used 9265K [0x0000000080000000, 0x0000000083b00000, 0x00000000d5580000)
  object space 60416K, 15% used [0x0000000080000000,0x000000008090c4b8,0x0000000083b00000)
 Metaspace       used 34116K, capacity 35308K, committed 35416K, reserved 1079296K
  class space    used 4683K, capacity 4969K, committed 4992K, reserved 1048576K
Event: 12.323 GC heap after
Heap after GC invocations=10 (full 1):
 PSYoungGen      total 114688K, used 8858K [0x00000000d5580000, 0x00000000df680000, 0x0000000100000000)
  eden space 102912K, 0% used [0x00000000d5580000,0x00000000d5580000,0x00000000dba00000)
  from space 11776K, 75% used [0x00000000dba00000,0x00000000dc2a69b0,0x00000000dc580000)
  to   space 11776K, 0% used [0x00000000deb00000,0x00000000deb00000,0x00000000df680000)
 ParOldGen       total 60416K, used 9273K [0x0000000080000000, 0x0000000083b00000, 0x00000000d5580000)
  object space 60416K, 15% used [0x0000000080000000,0x000000008090e4b8,0x0000000083b00000)
 Metaspace       used 34116K, capacity 35308K, committed 35416K, reserved 1079296K
  class space    used 4683K, capacity 4969K, committed 4992K, reserved 1048576K
}
Event: 12.323 GC heap before
{Heap before GC invocations=11 (full 2):
 PSYoungGen      total 114688K, used 8858K [0x00000000d5580000, 0x00000000df680000, 0x0000000100000000)
  eden space 102912K, 0% used [0x00000000d5580000,0x00000000d5580000,0x00000000dba00000)
  from space 11776K, 75% used [0x00000000dba00000,0x00000000dc2a69b0,0x00000000dc580000)
  to   space 11776K, 0% used [0x00000000deb00000,0x00000000deb00000,0x00000000df680000)
 ParOldGen       total 60416K, used 9273K [0x0000000080000000, 0x0000000083b00000, 0x00000000d5580000)
  object space 60416K, 15% used [0x0000000080000000,0x000000008090e4b8,0x0000000083b00000)
 Metaspace       used 34116K, capacity 35308K, committed 35416K, reserved 1079296K
  class space    used 4683K, capacity 4969K, committed 4992K, reserved 1048576K
Event: 12.420 GC heap after
Heap after GC invocations=11 (full 2):
 PSYoungGen      total 114688K, used 0K [0x00000000d5580000, 0x00000000df680000, 0x0000000100000000)
  eden space 102912K, 0% used [0x00000000d5580000,0x00000000d5580000,0x00000000dba00000)
  from space 11776K, 0% used [0x00000000dba00000,0x00000000dba00000,0x00000000dc580000)
  to   space 11776K, 0% used [0x00000000deb00000,0x00000000deb00000,0x00000000df680000)
 ParOldGen       total 92160K, used 15572K [0x0000000080000000, 0x0000000085a00000, 0x00000000d5580000)
  object space 92160K, 16% used [0x0000000080000000,0x0000000080f35088,0x0000000085a00000)
 Metaspace       used 34116K, capacity 35308K, committed 35416K, reserved 1079296K
  class space    used 4683K, capacity 4969K, committed 4992K, reserved 1048576K
}
Event: 14.120 GC heap before
{Heap before GC invocations=12 (full 2):
 PSYoungGen      total 114688K, used 102912K [0x00000000d5580000, 0x00000000df680000, 0x0000000100000000)
  eden space 102912K, 100% used [0x00000000d5580000,0x00000000dba00000,0x00000000dba00000)
  from space 11776K, 0% used [0x00000000dba00000,0x00000000dba00000,0x00000000dc580000)
  to   space 11776K, 0% used [0x00000000deb00000,0x00000000deb00000,0x00000000df680000)
 ParOldGen       total 92160K, used 15572K [0x0000000080000000, 0x0000000085a00000, 0x00000000d5580000)
  object space 92160K, 16% used [0x0000000080000000,0x0000000080f35088,0x0000000085a00000)
 Metaspace       used 37025K, capacity 38682K, committed 38784K, reserved 1083392K
  class space    used 5098K, capacity 5480K, committed 5504K, reserved 1048576K
Event: 14.142 GC heap after
Heap after GC invocations=12 (full 2):
 PSYoungGen      total 138752K, used 7515K [0x00000000d5580000, 0x00000000df280000, 0x0000000100000000)
  eden space 131072K, 0% used [0x00000000d5580000,0x00000000d5580000,0x00000000dd580000)
  from space 7680K, 97% used [0x00000000deb00000,0x00000000df256e78,0x00000000df280000)
  to   space 11776K, 0% used [0x00000000ddb80000,0x00000000ddb80000,0x00000000de700000)
 ParOldGen       total 92160K, used 15580K [0x0000000080000000, 0x0000000085a00000, 0x00000000d5580000)
  object space 92160K, 16% used [0x0000000080000000,0x0000000080f37088,0x0000000085a00000)
 Metaspace       used 37025K, capacity 38682K, committed 38784K, reserved 1083392K
  class space    used 5098K, capacity 5480K, committed 5504K, reserved 1048576K
}
Event: 18.547 GC heap before
{Heap before GC invocations=13 (full 2):
 PSYoungGen      total 138752K, used 138587K [0x00000000d5580000, 0x00000000df280000, 0x0000000100000000)
  eden space 131072K, 100% used [0x00000000d5580000,0x00000000dd580000,0x00000000dd580000)
  from space 7680K, 97% used [0x00000000deb00000,0x00000000df256e78,0x00000000df280000)
  to   space 11776K, 0% used [0x00000000ddb80000,0x00000000ddb80000,0x00000000de700000)
 ParOldGen       total 92160K, used 15580K [0x0000000080000000, 0x0000000085a00000, 0x00000000d5580000)
  object space 92160K, 16% used [0x0000000080000000,0x0000000080f37088,0x0000000085a00000)
 Metaspace       used 50591K, capacity 52602K, committed 52864K, reserved 1095680K
  class space    used 6761K, capacity 7201K, committed 7296K, reserved 1048576K
Event: 18.576 GC heap after
Heap after GC invocations=13 (full 2):
 PSYoungGen      total 142848K, used 11772K [0x00000000d5580000, 0x00000000df280000, 0x0000000100000000)
  eden space 131072K, 0% used [0x00000000d5580000,0x00000000d5580000,0x00000000dd580000)
  from space 11776K, 99% used [0x00000000ddb80000,0x00000000de6ff320,0x00000000de700000)
  to   space 7680K, 0% used [0x00000000deb00000,0x00000000deb00000,0x00000000df280000)
 ParOldGen       total 92160K, used 24831K [0x0000000080000000, 0x0000000085a00000, 0x00000000d5580000)
  object space 92160K, 26% used [0x0000000080000000,0x000000008183fde8,0x0000000085a00000)
 Metaspace       used 50591K, capacity 52602K, committed 52864K, reserved 1095680K
  class space    used 6761K, capacity 7201K, committed 7296K, reserved 1048576K
}

