# JRE version: OpenJDK Runtime Environment (8.0_242-b01) (build 1.8.0_242-release-1644-b01)
# Java VM: OpenJDK 64-Bit Server VM (25.242-b01 mixed mode windows-amd64 compressed oops)
Heap:
 PSYoungGen      total 587776K, used 505808K [0x00000000d5580000, 0x00000000ffc80000, 0x0000000100000000)
  eden space 492544K, 100% used [0x00000000d5580000,0x00000000f3680000,0x00000000f3680000)
  from space 95232K, 13% used [0x00000000f3680000,0x00000000f4374170,0x00000000f9380000)
  to   space 90624K, 1% used [0x00000000fa400000,0x00000000fa510000,0x00000000ffc80000)
 ParOldGen       total 703488K, used 591160K [0x0000000080000000, 0x00000000aaf00000, 0x00000000d5580000)
  object space 703488K, 84% used [0x0000000080000000,0x00000000a4150238,0x00000000aaf00000)
 Metaspace       used 281771K, capacity 300780K, committed 301016K, reserved 1310720K
  class space    used 35779K, capacity 39454K, committed 39680K, reserved 1048576K
GC Heap History (10 events):
Event: 10749.777 GC heap before
{Heap before GC invocations=117 (full 8):
 PSYoungGen      total 563200K, used 459917K [0x00000000d5580000, 0x00000000ff100000, 0x0000000100000000)
  eden space 451072K, 100% used [0x00000000d5580000,0x00000000f0e00000,0x00000000f0e00000)
  from space 112128K, 7% used [0x00000000f8380000,0x00000000f8c23460,0x00000000ff100000)
  to   space 116224K, 0% used [0x00000000f0e00000,0x00000000f0e00000,0x00000000f7f80000)
 ParOldGen       total 703488K, used 521597K [0x0000000080000000, 0x00000000aaf00000, 0x00000000d5580000)
  object space 703488K, 74% used [0x0000000080000000,0x000000009fd5f770,0x00000000aaf00000)
 Metaspace       used 281667K, capacity 300704K, committed 301016K, reserved 1310720K
  class space    used 35776K, capacity 39452K, committed 39680K, reserved 1048576K
Event: 10750.388 GC heap after
Heap after GC invocations=117 (full 8):
 PSYoungGen      total 567296K, used 13806K [0x00000000d5580000, 0x00000000ff800000, 0x0000000100000000)
  eden space 451072K, 0% used [0x00000000d5580000,0x00000000d5580000,0x00000000f0e00000)
  from space 116224K, 11% used [0x00000000f0e00000,0x00000000f1b7bbe8,0x00000000f7f80000)
  to   space 110080K, 0% used [0x00000000f8c80000,0x00000000f8c80000,0x00000000ff800000)
 ParOldGen       total 703488K, used 526706K [0x0000000080000000, 0x00000000aaf00000, 0x00000000d5580000)
  object space 703488K, 74% used [0x0000000080000000,0x00000000a025cb60,0x00000000aaf00000)
 Metaspace       used 281667K, capacity 300704K, committed 301016K, reserved 1310720K
  class space    used 35776K, capacity 39452K, committed 39680K, reserved 1048576K
}
Event: 10752.768 GC heap before
{Heap before GC invocations=118 (full 8):
 PSYoungGen      total 567296K, used 464878K [0x00000000d5580000, 0x00000000ff800000, 0x0000000100000000)
  eden space 451072K, 100% used [0x00000000d5580000,0x00000000f0e00000,0x00000000f0e00000)
  from space 116224K, 11% used [0x00000000f0e00000,0x00000000f1b7bbe8,0x00000000f7f80000)
  to   space 110080K, 0% used [0x00000000f8c80000,0x00000000f8c80000,0x00000000ff800000)
 ParOldGen       total 703488K, used 527028K [0x0000000080000000, 0x00000000aaf00000, 0x00000000d5580000)
  object space 703488K, 74% used [0x0000000080000000,0x00000000a02ad168,0x00000000aaf00000)
 Metaspace       used 281672K, capacity 300704K, committed 301016K, reserved 1310720K
  class space    used 35776K, capacity 39452K, committed 39680K, reserved 1048576K
Event: 10754.024 GC heap after
Heap after GC invocations=118 (full 8):
 PSYoungGen      total 574464K, used 10852K [0x00000000d5580000, 0x00000000ff000000, 0x0000000100000000)
  eden space 472576K, 0% used [0x00000000d5580000,0x00000000d5580000,0x00000000f2300000)
  from space 101888K, 10% used [0x00000000f8c80000,0x00000000f9719368,0x00000000ff000000)
  to   space 104960K, 0% used [0x00000000f2300000,0x00000000f2300000,0x00000000f8980000)
 ParOldGen       total 703488K, used 536863K [0x0000000080000000, 0x00000000aaf00000, 0x00000000d5580000)
  object space 703488K, 76% used [0x0000000080000000,0x00000000a0c47e30,0x00000000aaf00000)
 Metaspace       used 281672K, capacity 300704K, committed 301016K, reserved 1310720K
  class space    used 35776K, capacity 39452K, committed 39680K, reserved 1048576K
}
Event: 10756.085 GC heap before
{Heap before GC invocations=119 (full 8):
 PSYoungGen      total 574464K, used 483428K [0x00000000d5580000, 0x00000000ff000000, 0x0000000100000000)
  eden space 472576K, 100% used [0x00000000d5580000,0x00000000f2300000,0x00000000f2300000)
  from space 101888K, 10% used [0x00000000f8c80000,0x00000000f9719368,0x00000000ff000000)
  to   space 104960K, 0% used [0x00000000f2300000,0x00000000f2300000,0x00000000f8980000)
 ParOldGen       total 703488K, used 536924K [0x0000000080000000, 0x00000000aaf00000, 0x00000000d5580000)
  object space 703488K, 76% used [0x0000000080000000,0x00000000a0c57060,0x00000000aaf00000)
 Metaspace       used 281683K, capacity 300704K, committed 301016K, reserved 1310720K
  class space    used 35776K, capacity 39452K, committed 39680K, reserved 1048576K
Event: 10758.858 GC heap after
Heap after GC invocations=119 (full 8):
 PSYoungGen      total 577536K, used 37527K [0x00000000d5580000, 0x00000000ffc00000, 0x0000000100000000)
  eden space 472576K, 0% used [0x00000000d5580000,0x00000000d5580000,0x00000000f2300000)
  from space 104960K, 35% used [0x00000000f2300000,0x00000000f47a5fc0,0x00000000f8980000)
  to   space 101376K, 0% used [0x00000000f9900000,0x00000000f9900000,0x00000000ffc00000)
 ParOldGen       total 703488K, used 540839K [0x0000000080000000, 0x00000000aaf00000, 0x00000000d5580000)
  object space 703488K, 76% used [0x0000000080000000,0x00000000a1029e00,0x00000000aaf00000)
 Metaspace       used 281683K, capacity 300704K, committed 301016K, reserved 1310720K
  class space    used 35776K, capacity 39452K, committed 39680K, reserved 1048576K
}
Event: 10760.395 GC heap before
{Heap before GC invocations=120 (full 8):
 PSYoungGen      total 577536K, used 510103K [0x00000000d5580000, 0x00000000ffc00000, 0x0000000100000000)
  eden space 472576K, 100% used [0x00000000d5580000,0x00000000f2300000,0x00000000f2300000)
  from space 104960K, 35% used [0x00000000f2300000,0x00000000f47a5fc0,0x00000000f8980000)
  to   space 101376K, 0% used [0x00000000f9900000,0x00000000f9900000,0x00000000ffc00000)
 ParOldGen       total 703488K, used 540841K [0x0000000080000000, 0x00000000aaf00000, 0x00000000d5580000)
  object space 703488K, 76% used [0x0000000080000000,0x00000000a102a580,0x00000000aaf00000)
 Metaspace       used 281692K, capacity 300712K, committed 301016K, reserved 1310720K
  class space    used 35778K, capacity 39454K, committed 39680K, reserved 1048576K
Event: 10762.388 GC heap after
Heap after GC invocations=120 (full 8):
 PSYoungGen      total 582144K, used 18871K [0x00000000d5580000, 0x00000000ff080000, 0x0000000100000000)
  eden space 492544K, 0% used [0x00000000d5580000,0x00000000d5580000,0x00000000f3680000)
  from space 89600K, 21% used [0x00000000f9900000,0x00000000fab6ddf8,0x00000000ff080000)
  to   space 95232K, 0% used [0x00000000f3680000,0x00000000f3680000,0x00000000f9380000)
 ParOldGen       total 703488K, used 574311K [0x0000000080000000, 0x00000000aaf00000, 0x00000000d5580000)
  object space 703488K, 81% used [0x0000000080000000,0x00000000a30d9f50,0x00000000aaf00000)
 Metaspace       used 281692K, capacity 300712K, committed 301016K, reserved 1310720K
  class space    used 35778K, capacity 39454K, committed 39680K, reserved 1048576K
}
Event: 10763.846 GC heap before
{Heap before GC invocations=121 (full 8):
 PSYoungGen      total 582144K, used 511415K [0x00000000d5580000, 0x00000000ff080000, 0x0000000100000000)
  eden space 492544K, 100% used [0x00000000d5580000,0x00000000f3680000,0x00000000f3680000)
  from space 89600K, 21% used [0x00000000f9900000,0x00000000fab6ddf8,0x00000000ff080000)
  to   space 95232K, 0% used [0x00000000f3680000,0x00000000f3680000,0x00000000f9380000)
 ParOldGen       total 703488K, used 574378K [0x0000000080000000, 0x00000000aaf00000, 0x00000000d5580000)
  object space 703488K, 81% used [0x0000000080000000,0x00000000a30ea808,0x00000000aaf00000)
 Metaspace       used 281756K, capacity 300776K, committed 301016K, reserved 1310720K
  class space    used 35779K, capacity 39454K, committed 39680K, reserved 1048576K
Event: 10764.832 GC heap after
Heap after GC invocations=121 (full 8):
 PSYoungGen      total 587776K, used 13264K [0x00000000d5580000, 0x00000000ffc80000, 0x0000000100000000)
  eden space 492544K, 0% used [0x00000000d5580000,0x00000000d5580000,0x00000000f3680000)
  from space 95232K, 13% used [0x00000000f3680000,0x00000000f4374170,0x00000000f9380000)
  to   space 90624K, 0% used [0x00000000fa400000,0x00000000fa400000,0x00000000ffc80000)
 ParOldGen       total 703488K, used 589466K [0x0000000080000000, 0x00000000aaf00000, 0x00000000d5580000)
  object space 703488K, 83% used [0x0000000080000000,0x00000000a3fa6890,0x00000000aaf00000)
 Metaspace       used 281756K, capacity 300776K, committed 301016K, reserved 1310720K
  class space    used 35779K, capacity 39454K, committed 39680K, reserved 1048576K
}

