# JRE version: OpenJDK Runtime Environment (8.0_242-b01) (build 1.8.0_242-release-1644-b01)
# Java VM: OpenJDK 64-Bit Server VM (25.242-b01 mixed mode windows-amd64 compressed oops)
Heap:
 PSYoungGen      total 256512K, used 19098K [0x00000000d5580000, 0x00000000ec880000, 0x0000000100000000)
  eden space 218624K, 8% used [0x00000000d5580000,0x00000000d6826be8,0x00000000e2b00000)
  from space 37888K, 0% used [0x00000000e2b00000,0x00000000e2b00000,0x00000000e5000000)
  to   space 67584K, 0% used [0x00000000e8680000,0x00000000e8680000,0x00000000ec880000)
 ParOldGen       total 145408K, used 111578K [0x0000000080000000, 0x0000000088e00000, 0x00000000d5580000)
  object space 145408K, 76% used [0x0000000080000000,0x0000000086cf6b18,0x0000000088e00000)
 Metaspace       used 95200K, capacity 99062K, committed 100244K, reserved 1136640K
  class space    used 12475K, capacity 13293K, committed 13500K, reserved 1048576K
GC Heap History (10 events):
Event: 31.307 GC heap before
{Heap before GC invocations=18 (full 3):
 PSYoungGen      total 210432K, used 210413K [0x00000000d5580000, 0x00000000e4800000, 0x0000000100000000)
  eden space 186368K, 100% used [0x00000000d5580000,0x00000000e0b80000,0x00000000e0b80000)
  from space 24064K, 99% used [0x00000000e2880000,0x00000000e3ffb638,0x00000000e4000000)
  to   space 29696K, 0% used [0x00000000e0b80000,0x00000000e0b80000,0x00000000e2880000)
 ParOldGen       total 145408K, used 46774K [0x0000000080000000, 0x0000000088e00000, 0x00000000d5580000)
  object space 145408K, 32% used [0x0000000080000000,0x0000000082dad930,0x0000000088e00000)
 Metaspace       used 75026K, capacity 79122K, committed 79380K, reserved 1118208K
  class space    used 10215K, capacity 11038K, committed 11068K, reserved 1048576K
Event: 31.385 GC heap after
Heap after GC invocations=18 (full 3):
 PSYoungGen      total 216064K, used 25525K [0x00000000d5580000, 0x00000000e7000000, 0x0000000100000000)
  eden space 186368K, 0% used [0x00000000d5580000,0x00000000d5580000,0x00000000e0b80000)
  from space 29696K, 85% used [0x00000000e0b80000,0x00000000e246d750,0x00000000e2880000)
  to   space 32768K, 0% used [0x00000000e5000000,0x00000000e5000000,0x00000000e7000000)
 ParOldGen       total 145408K, used 56191K [0x0000000080000000, 0x0000000088e00000, 0x00000000d5580000)
  object space 145408K, 38% used [0x0000000080000000,0x00000000836dfd10,0x0000000088e00000)
 Metaspace       used 75026K, capacity 79122K, committed 79380K, reserved 1118208K
  class space    used 10215K, capacity 11038K, committed 11068K, reserved 1048576K
}
Event: 38.374 GC heap before
{Heap before GC invocations=19 (full 3):
 PSYoungGen      total 216064K, used 211893K [0x00000000d5580000, 0x00000000e7000000, 0x0000000100000000)
  eden space 186368K, 100% used [0x00000000d5580000,0x00000000e0b80000,0x00000000e0b80000)
  from space 29696K, 85% used [0x00000000e0b80000,0x00000000e246d750,0x00000000e2880000)
  to   space 32768K, 0% used [0x00000000e5000000,0x00000000e5000000,0x00000000e7000000)
 ParOldGen       total 145408K, used 56191K [0x0000000080000000, 0x0000000088e00000, 0x00000000d5580000)
  object space 145408K, 38% used [0x0000000080000000,0x00000000836dfd10,0x0000000088e00000)
 Metaspace       used 79720K, capacity 83964K, committed 84116K, reserved 1122304K
  class space    used 10779K, capacity 11617K, committed 11708K, reserved 1048576K
Event: 38.419 GC heap after
Heap after GC invocations=19 (full 3):
 PSYoungGen      total 251392K, used 32750K [0x00000000d5580000, 0x00000000e7580000, 0x0000000100000000)
  eden space 218624K, 0% used [0x00000000d5580000,0x00000000d5580000,0x00000000e2b00000)
  from space 32768K, 99% used [0x00000000e5000000,0x00000000e6ffb9d8,0x00000000e7000000)
  to   space 37888K, 0% used [0x00000000e2b00000,0x00000000e2b00000,0x00000000e5000000)
 ParOldGen       total 145408K, used 57087K [0x0000000080000000, 0x0000000088e00000, 0x00000000d5580000)
  object space 145408K, 39% used [0x0000000080000000,0x00000000837bfec0,0x0000000088e00000)
 Metaspace       used 79720K, capacity 83964K, committed 84116K, reserved 1122304K
  class space    used 10779K, capacity 11617K, committed 11708K, reserved 1048576K
}
Event: 43.483 GC heap before
{Heap before GC invocations=20 (full 3):
 PSYoungGen      total 251392K, used 251374K [0x00000000d5580000, 0x00000000e7580000, 0x0000000100000000)
  eden space 218624K, 100% used [0x00000000d5580000,0x00000000e2b00000,0x00000000e2b00000)
  from space 32768K, 99% used [0x00000000e5000000,0x00000000e6ffb9d8,0x00000000e7000000)
  to   space 37888K, 0% used [0x00000000e2b00000,0x00000000e2b00000,0x00000000e5000000)
 ParOldGen       total 145408K, used 57087K [0x0000000080000000, 0x0000000088e00000, 0x00000000d5580000)
  object space 145408K, 39% used [0x0000000080000000,0x00000000837bfec0,0x0000000088e00000)
 Metaspace       used 91202K, capacity 95658K, committed 96020K, reserved 1132544K
  class space    used 12152K, capacity 13029K, committed 13116K, reserved 1048576K
Event: 43.591 GC heap after
Heap after GC invocations=20 (full 3):
 PSYoungGen      total 256512K, used 37879K [0x00000000d5580000, 0x00000000ec880000, 0x0000000100000000)
  eden space 218624K, 0% used [0x00000000d5580000,0x00000000d5580000,0x00000000e2b00000)
  from space 37888K, 99% used [0x00000000e2b00000,0x00000000e4ffdee0,0x00000000e5000000)
  to   space 67584K, 0% used [0x00000000e8680000,0x00000000e8680000,0x00000000ec880000)
 ParOldGen       total 145408K, used 120718K [0x0000000080000000, 0x0000000088e00000, 0x00000000d5580000)
  object space 145408K, 83% used [0x0000000080000000,0x00000000875e3b28,0x0000000088e00000)
 Metaspace       used 91202K, capacity 95658K, committed 96020K, reserved 1132544K
  class space    used 12152K, capacity 13029K, committed 13116K, reserved 1048576K
}
Event: 43.591 GC heap before
{Heap before GC invocations=21 (full 4):
 PSYoungGen      total 256512K, used 37879K [0x00000000d5580000, 0x00000000ec880000, 0x0000000100000000)
  eden space 218624K, 0% used [0x00000000d5580000,0x00000000d5580000,0x00000000e2b00000)
  from space 37888K, 99% used [0x00000000e2b00000,0x00000000e4ffdee0,0x00000000e5000000)
  to   space 67584K, 0% used [0x00000000e8680000,0x00000000e8680000,0x00000000ec880000)
 ParOldGen       total 145408K, used 120718K [0x0000000080000000, 0x0000000088e00000, 0x00000000d5580000)
  object space 145408K, 83% used [0x0000000080000000,0x00000000875e3b28,0x0000000088e00000)
 Metaspace       used 91202K, capacity 95658K, committed 96020K, reserved 1132544K
  class space    used 12152K, capacity 13029K, committed 13116K, reserved 1048576K
Event: 44.296 GC heap after
Heap after GC invocations=21 (full 4):
 PSYoungGen      total 256512K, used 0K [0x00000000d5580000, 0x00000000ec880000, 0x0000000100000000)
  eden space 218624K, 0% used [0x00000000d5580000,0x00000000d5580000,0x00000000e2b00000)
  from space 37888K, 0% used [0x00000000e2b00000,0x00000000e2b00000,0x00000000e5000000)
  to   space 67584K, 0% used [0x00000000e8680000,0x00000000e8680000,0x00000000ec880000)
 ParOldGen       total 145408K, used 140215K [0x0000000080000000, 0x0000000088e00000, 0x00000000d5580000)
  object space 145408K, 96% used [0x0000000080000000,0x00000000888eded0,0x0000000088e00000)
 Metaspace       used 90885K, capacity 94702K, committed 96020K, reserved 1132544K
  class space    used 12052K, capacity 12853K, committed 13116K, reserved 1048576K
}
Event: 47.021 GC heap before
{Heap before GC invocations=22 (full 5):
 PSYoungGen      total 256512K, used 218624K [0x00000000d5580000, 0x00000000ec880000, 0x0000000100000000)
  eden space 218624K, 100% used [0x00000000d5580000,0x00000000e2b00000,0x00000000e2b00000)
  from space 37888K, 0% used [0x00000000e2b00000,0x00000000e2b00000,0x00000000e5000000)
  to   space 67584K, 0% used [0x00000000e8680000,0x00000000e8680000,0x00000000ec880000)
 ParOldGen       total 145408K, used 140215K [0x0000000080000000, 0x0000000088e00000, 0x00000000d5580000)
  object space 145408K, 96% used [0x0000000080000000,0x00000000888eded0,0x0000000088e00000)
 Metaspace       used 94928K, capacity 98790K, committed 99988K, reserved 1136640K
  class space    used 12453K, capacity 13225K, committed 13500K, reserved 1048576K
Event: 47.413 GC heap after
Heap after GC invocations=22 (full 5):
 PSYoungGen      total 256512K, used 0K [0x00000000d5580000, 0x00000000ec880000, 0x0000000100000000)
  eden space 218624K, 0% used [0x00000000d5580000,0x00000000d5580000,0x00000000e2b00000)
  from space 37888K, 0% used [0x00000000e2b00000,0x00000000e2b00000,0x00000000e5000000)
  to   space 67584K, 0% used [0x00000000e8680000,0x00000000e8680000,0x00000000ec880000)
 ParOldGen       total 145408K, used 111578K [0x0000000080000000, 0x0000000088e00000, 0x00000000d5580000)
  object space 145408K, 76% used [0x0000000080000000,0x0000000086cf6b18,0x0000000088e00000)
 Metaspace       used 94928K, capacity 98790K, committed 99988K, reserved 1136640K
  class space    used 12453K, capacity 13225K, committed 13500K, reserved 1048576K
}

