# JRE version: OpenJDK Runtime Environment (8.0_242-b01) (build 1.8.0_242-release-1644-b01)
# Java VM: OpenJDK 64-Bit Server VM (25.242-b01 mixed mode windows-amd64 compressed oops)
Heap:
 PSYoungGen      total 114176K, used 1907K [0x00000000d5580000, 0x00000000dd200000, 0x0000000100000000)
  eden space 102400K, 1% used [0x00000000d5580000,0x00000000d575cfb8,0x00000000db980000)
  from space 11776K, 0% used [0x00000000db980000,0x00000000db980000,0x00000000dc500000)
  to   space 11264K, 0% used [0x00000000dc500000,0x00000000dc500000,0x00000000dd000000)
 ParOldGen       total 60416K, used 14763K [0x0000000080000000, 0x0000000083b00000, 0x00000000d5580000)
  object space 60416K, 24% used [0x0000000080000000,0x0000000080e6ae30,0x0000000083b00000)
 Metaspace       used 34044K, capacity 35278K, committed 35544K, reserved 1079296K
  class space    used 4669K, capacity 5002K, committed 5120K, reserved 1048576K
GC Heap History (10 events):
Event: 4.431 GC heap after
Heap after GC invocations=6 (full 0):
 PSYoungGen      total 76288K, used 8386K [0x00000000d5580000, 0x00000000dab80000, 0x0000000100000000)
  eden space 66048K, 0% used [0x00000000d5580000,0x00000000d5580000,0x00000000d9600000)
  from space 10240K, 81% used [0x00000000da080000,0x00000000da8b0b40,0x00000000daa80000)
  to   space 10752K, 0% used [0x00000000d9600000,0x00000000d9600000,0x00000000da080000)
 ParOldGen       total 87552K, used 7516K [0x0000000080000000, 0x0000000085580000, 0x00000000d5580000)
  object space 87552K, 8% used [0x0000000080000000,0x0000000080757028,0x0000000085580000)
 Metaspace       used 20498K, capacity 21204K, committed 21248K, reserved 1067008K
  class space    used 2848K, capacity 3048K, committed 3072K, reserved 1048576K
}
Event: 4.431 GC heap before
{Heap before GC invocations=7 (full 1):
 PSYoungGen      total 76288K, used 8386K [0x00000000d5580000, 0x00000000dab80000, 0x0000000100000000)
  eden space 66048K, 0% used [0x00000000d5580000,0x00000000d5580000,0x00000000d9600000)
  from space 10240K, 81% used [0x00000000da080000,0x00000000da8b0b40,0x00000000daa80000)
  to   space 10752K, 0% used [0x00000000d9600000,0x00000000d9600000,0x00000000da080000)
 ParOldGen       total 87552K, used 7516K [0x0000000080000000, 0x0000000085580000, 0x00000000d5580000)
  object space 87552K, 8% used [0x0000000080000000,0x0000000080757028,0x0000000085580000)
 Metaspace       used 20498K, capacity 21204K, committed 21248K, reserved 1067008K
  class space    used 2848K, capacity 3048K, committed 3072K, reserved 1048576K
Event: 4.489 GC heap after
Heap after GC invocations=7 (full 1):
 PSYoungGen      total 76288K, used 0K [0x00000000d5580000, 0x00000000dab80000, 0x0000000100000000)
  eden space 66048K, 0% used [0x00000000d5580000,0x00000000d5580000,0x00000000d9600000)
  from space 10240K, 0% used [0x00000000da080000,0x00000000da080000,0x00000000daa80000)
  to   space 10752K, 0% used [0x00000000d9600000,0x00000000d9600000,0x00000000da080000)
 ParOldGen       total 60416K, used 9180K [0x0000000080000000, 0x0000000083b00000, 0x00000000d5580000)
  object space 60416K, 15% used [0x0000000080000000,0x00000000808f7140,0x0000000083b00000)
 Metaspace       used 20498K, capacity 21204K, committed 21248K, reserved 1067008K
  class space    used 2848K, capacity 3048K, committed 3072K, reserved 1048576K
}
Event: 5.508 GC heap before
{Heap before GC invocations=8 (full 1):
 PSYoungGen      total 76288K, used 66048K [0x00000000d5580000, 0x00000000dab80000, 0x0000000100000000)
  eden space 66048K, 100% used [0x00000000d5580000,0x00000000d9600000,0x00000000d9600000)
  from space 10240K, 0% used [0x00000000da080000,0x00000000da080000,0x00000000daa80000)
  to   space 10752K, 0% used [0x00000000d9600000,0x00000000d9600000,0x00000000da080000)
 ParOldGen       total 60416K, used 9180K [0x0000000080000000, 0x0000000083b00000, 0x00000000d5580000)
  object space 60416K, 15% used [0x0000000080000000,0x00000000808f7140,0x0000000083b00000)
 Metaspace       used 28503K, capacity 29354K, committed 29568K, reserved 1075200K
  class space    used 3935K, capacity 4159K, committed 4224K, reserved 1048576K
Event: 5.518 GC heap after
Heap after GC invocations=8 (full 1):
 PSYoungGen      total 76800K, used 8266K [0x00000000d5580000, 0x00000000dd000000, 0x0000000100000000)
  eden space 66048K, 0% used [0x00000000d5580000,0x00000000d5580000,0x00000000d9600000)
  from space 10752K, 76% used [0x00000000d9600000,0x00000000d9e12bf8,0x00000000da080000)
  to   space 11264K, 0% used [0x00000000dc500000,0x00000000dc500000,0x00000000dd000000)
 ParOldGen       total 60416K, used 9188K [0x0000000080000000, 0x0000000083b00000, 0x00000000d5580000)
  object space 60416K, 15% used [0x0000000080000000,0x00000000808f9140,0x0000000083b00000)
 Metaspace       used 28503K, capacity 29354K, committed 29568K, reserved 1075200K
  class space    used 3935K, capacity 4159K, committed 4224K, reserved 1048576K
}
Event: 6.314 GC heap before
{Heap before GC invocations=9 (full 1):
 PSYoungGen      total 76800K, used 74314K [0x00000000d5580000, 0x00000000dd000000, 0x0000000100000000)
  eden space 66048K, 100% used [0x00000000d5580000,0x00000000d9600000,0x00000000d9600000)
  from space 10752K, 76% used [0x00000000d9600000,0x00000000d9e12bf8,0x00000000da080000)
  to   space 11264K, 0% used [0x00000000dc500000,0x00000000dc500000,0x00000000dd000000)
 ParOldGen       total 60416K, used 9188K [0x0000000080000000, 0x0000000083b00000, 0x00000000d5580000)
  object space 60416K, 15% used [0x0000000080000000,0x00000000808f9140,0x0000000083b00000)
 Metaspace       used 32851K, capacity 33936K, committed 34048K, reserved 1079296K
  class space    used 4485K, capacity 4754K, committed 4864K, reserved 1048576K
Event: 6.330 GC heap after
Heap after GC invocations=9 (full 1):
 PSYoungGen      total 113664K, used 9387K [0x00000000d5580000, 0x00000000dd200000, 0x0000000100000000)
  eden space 102400K, 0% used [0x00000000d5580000,0x00000000d5580000,0x00000000db980000)
  from space 11264K, 83% used [0x00000000dc500000,0x00000000dce2acd8,0x00000000dd000000)
  to   space 11776K, 0% used [0x00000000db980000,0x00000000db980000,0x00000000dc500000)
 ParOldGen       total 60416K, used 9196K [0x0000000080000000, 0x0000000083b00000, 0x00000000d5580000)
  object space 60416K, 15% used [0x0000000080000000,0x00000000808fb140,0x0000000083b00000)
 Metaspace       used 32851K, capacity 33936K, committed 34048K, reserved 1079296K
  class space    used 4485K, capacity 4754K, committed 4864K, reserved 1048576K
}
Event: 6.654 GC heap before
{Heap before GC invocations=10 (full 1):
 PSYoungGen      total 113664K, used 36504K [0x00000000d5580000, 0x00000000dd200000, 0x0000000100000000)
  eden space 102400K, 26% used [0x00000000d5580000,0x00000000d6ffb3f0,0x00000000db980000)
  from space 11264K, 83% used [0x00000000dc500000,0x00000000dce2acd8,0x00000000dd000000)
  to   space 11776K, 0% used [0x00000000db980000,0x00000000db980000,0x00000000dc500000)
 ParOldGen       total 60416K, used 9196K [0x0000000080000000, 0x0000000083b00000, 0x00000000d5580000)
  object space 60416K, 15% used [0x0000000080000000,0x00000000808fb140,0x0000000083b00000)
 Metaspace       used 34013K, capacity 35244K, committed 35416K, reserved 1079296K
  class space    used 4665K, capacity 4969K, committed 4992K, reserved 1048576K
Event: 6.669 GC heap after
Heap after GC invocations=10 (full 1):
 PSYoungGen      total 114176K, used 8045K [0x00000000d5580000, 0x00000000dd200000, 0x0000000100000000)
  eden space 102400K, 0% used [0x00000000d5580000,0x00000000d5580000,0x00000000db980000)
  from space 11776K, 68% used [0x00000000db980000,0x00000000dc15b788,0x00000000dc500000)
  to   space 11264K, 0% used [0x00000000dc500000,0x00000000dc500000,0x00000000dd000000)
 ParOldGen       total 60416K, used 9204K [0x0000000080000000, 0x0000000083b00000, 0x00000000d5580000)
  object space 60416K, 15% used [0x0000000080000000,0x00000000808fd140,0x0000000083b00000)
 Metaspace       used 34013K, capacity 35244K, committed 35416K, reserved 1079296K
  class space    used 4665K, capacity 4969K, committed 4992K, reserved 1048576K
}
Event: 6.669 GC heap before
{Heap before GC invocations=11 (full 2):
 PSYoungGen      total 114176K, used 8045K [0x00000000d5580000, 0x00000000dd200000, 0x0000000100000000)
  eden space 102400K, 0% used [0x00000000d5580000,0x00000000d5580000,0x00000000db980000)
  from space 11776K, 68% used [0x00000000db980000,0x00000000dc15b788,0x00000000dc500000)
  to   space 11264K, 0% used [0x00000000dc500000,0x00000000dc500000,0x00000000dd000000)
 ParOldGen       total 60416K, used 9204K [0x0000000080000000, 0x0000000083b00000, 0x00000000d5580000)
  object space 60416K, 15% used [0x0000000080000000,0x00000000808fd140,0x0000000083b00000)
 Metaspace       used 34013K, capacity 35244K, committed 35416K, reserved 1079296K
  class space    used 4665K, capacity 4969K, committed 4992K, reserved 1048576K

