# JRE version: OpenJDK Runtime Environment (8.0_242-b01) (build 1.8.0_242-release-1644-b01)
# Java VM: OpenJDK 64-Bit Server VM (25.242-b01 mixed mode windows-amd64 compressed oops)
Heap:
 PSYoungGen      total 339456K, used 196058K [0x00000000d5580000, 0x00000000f2c00000, 0x0000000100000000)
  eden space 266240K, 51% used [0x00000000d5580000,0x00000000ddb33e18,0x00000000e5980000)
  from space 73216K, 80% used [0x00000000e5980000,0x00000000e9342a20,0x00000000ea100000)
  to   space 83456K, 0% used [0x00000000eda80000,0x00000000eda80000,0x00000000f2c00000)
 ParOldGen       total 339968K, used 197025K [0x0000000080000000, 0x0000000094c00000, 0x00000000d5580000)
  object space 339968K, 57% used [0x0000000080000000,0x000000008c0685c8,0x0000000094c00000)
 Metaspace       used 98336K, capacity 103012K, committed 103256K, reserved 1138688K
  class space    used 13255K, capacity 14171K, committed 14208K, reserved 1048576K
GC Heap History (10 events):
Event: 35.121 GC heap before
{Heap before GC invocations=23 (full 4):
 PSYoungGen      total 295936K, used 267037K [0x00000000d5580000, 0x00000000ece00000, 0x0000000100000000)
  eden space 239104K, 100% used [0x00000000d5580000,0x00000000e3f00000,0x00000000e3f00000)
  from space 56832K, 49% used [0x00000000e9680000,0x00000000eb1c7548,0x00000000ece00000)
  to   space 73216K, 0% used [0x00000000e3f00000,0x00000000e3f00000,0x00000000e8680000)
 ParOldGen       total 339968K, used 172016K [0x0000000080000000, 0x0000000094c00000, 0x00000000d5580000)
  object space 339968K, 50% used [0x0000000080000000,0x000000008a7fc0d8,0x0000000094c00000)
 Metaspace       used 89274K, capacity 93038K, committed 94040K, reserved 1130496K
  class space    used 11888K, capacity 12721K, committed 12928K, reserved 1048576K
Event: 35.165 GC heap after
Heap after GC invocations=23 (full 4):
 PSYoungGen      total 312320K, used 38682K [0x00000000d5580000, 0x00000000ee980000, 0x0000000100000000)
  eden space 239104K, 0% used [0x00000000d5580000,0x00000000d5580000,0x00000000e3f00000)
  from space 73216K, 52% used [0x00000000e3f00000,0x00000000e64c6b50,0x00000000e8680000)
  to   space 73216K, 0% used [0x00000000ea200000,0x00000000ea200000,0x00000000ee980000)
 ParOldGen       total 339968K, used 172024K [0x0000000080000000, 0x0000000094c00000, 0x00000000d5580000)
  object space 339968K, 50% used [0x0000000080000000,0x000000008a7fe0d8,0x0000000094c00000)
 Metaspace       used 89274K, capacity 93038K, committed 94040K, reserved 1130496K
  class space    used 11888K, capacity 12721K, committed 12928K, reserved 1048576K
}
Event: 36.849 GC heap before
{Heap before GC invocations=24 (full 4):
 PSYoungGen      total 312320K, used 277786K [0x00000000d5580000, 0x00000000ee980000, 0x0000000100000000)
  eden space 239104K, 100% used [0x00000000d5580000,0x00000000e3f00000,0x00000000e3f00000)
  from space 73216K, 52% used [0x00000000e3f00000,0x00000000e64c6b50,0x00000000e8680000)
  to   space 73216K, 0% used [0x00000000ea200000,0x00000000ea200000,0x00000000ee980000)
 ParOldGen       total 339968K, used 172024K [0x0000000080000000, 0x0000000094c00000, 0x00000000d5580000)
  object space 339968K, 50% used [0x0000000080000000,0x000000008a7fe0d8,0x0000000094c00000)
 Metaspace       used 89299K, capacity 93102K, committed 94296K, reserved 1130496K
  class space    used 11888K, capacity 12721K, committed 12928K, reserved 1048576K
Event: 36.886 GC heap after
Heap after GC invocations=24 (full 4):
 PSYoungGen      total 338432K, used 40923K [0x00000000d5580000, 0x00000000ee880000, 0x0000000100000000)
  eden space 266240K, 0% used [0x00000000d5580000,0x00000000d5580000,0x00000000e5980000)
  from space 72192K, 56% used [0x00000000ea200000,0x00000000ec9f6ef0,0x00000000ee880000)
  to   space 73216K, 0% used [0x00000000e5980000,0x00000000e5980000,0x00000000ea100000)
 ParOldGen       total 339968K, used 172032K [0x0000000080000000, 0x0000000094c00000, 0x00000000d5580000)
  object space 339968K, 50% used [0x0000000080000000,0x000000008a8000d8,0x0000000094c00000)
 Metaspace       used 89299K, capacity 93102K, committed 94296K, reserved 1130496K
  class space    used 11888K, capacity 12721K, committed 12928K, reserved 1048576K
}
Event: 41.949 GC heap before
{Heap before GC invocations=25 (full 4):
 PSYoungGen      total 338432K, used 307163K [0x00000000d5580000, 0x00000000ee880000, 0x0000000100000000)
  eden space 266240K, 100% used [0x00000000d5580000,0x00000000e5980000,0x00000000e5980000)
  from space 72192K, 56% used [0x00000000ea200000,0x00000000ec9f6ef0,0x00000000ee880000)
  to   space 73216K, 0% used [0x00000000e5980000,0x00000000e5980000,0x00000000ea100000)
 ParOldGen       total 339968K, used 172032K [0x0000000080000000, 0x0000000094c00000, 0x00000000d5580000)
  object space 339968K, 50% used [0x0000000080000000,0x000000008a8000d8,0x0000000094c00000)
 Metaspace       used 89387K, capacity 93168K, committed 94296K, reserved 1130496K
  class space    used 11900K, capacity 12723K, committed 12928K, reserved 1048576K
Event: 41.978 GC heap after
Heap after GC invocations=25 (full 4):
 PSYoungGen      total 339456K, used 35778K [0x00000000d5580000, 0x00000000efe80000, 0x0000000100000000)
  eden space 266240K, 0% used [0x00000000d5580000,0x00000000d5580000,0x00000000e5980000)
  from space 73216K, 48% used [0x00000000e5980000,0x00000000e7c709d8,0x00000000ea100000)
  to   space 71680K, 0% used [0x00000000eb880000,0x00000000eb880000,0x00000000efe80000)
 ParOldGen       total 339968K, used 172040K [0x0000000080000000, 0x0000000094c00000, 0x00000000d5580000)
  object space 339968K, 50% used [0x0000000080000000,0x000000008a8020d8,0x0000000094c00000)
 Metaspace       used 89387K, capacity 93168K, committed 94296K, reserved 1130496K
  class space    used 11900K, capacity 12723K, committed 12928K, reserved 1048576K
}
Event: 42.833 GC heap before
{Heap before GC invocations=26 (full 4):
 PSYoungGen      total 339456K, used 302018K [0x00000000d5580000, 0x00000000efe80000, 0x0000000100000000)
  eden space 266240K, 100% used [0x00000000d5580000,0x00000000e5980000,0x00000000e5980000)
  from space 73216K, 48% used [0x00000000e5980000,0x00000000e7c709d8,0x00000000ea100000)
  to   space 71680K, 0% used [0x00000000eb880000,0x00000000eb880000,0x00000000efe80000)
 ParOldGen       total 339968K, used 172052K [0x0000000080000000, 0x0000000094c00000, 0x00000000d5580000)
  object space 339968K, 50% used [0x0000000080000000,0x000000008a805210,0x0000000094c00000)
 Metaspace       used 89891K, capacity 93684K, committed 94808K, reserved 1130496K
  class space    used 11942K, capacity 12735K, committed 12928K, reserved 1048576K
Event: 43.073 GC heap after
Heap after GC invocations=26 (full 4):
 PSYoungGen      total 337920K, used 59934K [0x00000000d5580000, 0x00000000efe80000, 0x0000000100000000)
  eden space 266240K, 0% used [0x00000000d5580000,0x00000000d5580000,0x00000000e5980000)
  from space 71680K, 83% used [0x00000000eb880000,0x00000000ef307a70,0x00000000efe80000)
  to   space 73216K, 0% used [0x00000000e5980000,0x00000000e5980000,0x00000000ea100000)
 ParOldGen       total 339968K, used 172060K [0x0000000080000000, 0x0000000094c00000, 0x00000000d5580000)
  object space 339968K, 50% used [0x0000000080000000,0x000000008a807210,0x0000000094c00000)
 Metaspace       used 89891K, capacity 93684K, committed 94808K, reserved 1130496K
  class space    used 11942K, capacity 12735K, committed 12928K, reserved 1048576K
}
Event: 56.011 GC heap before
{Heap before GC invocations=27 (full 4):
 PSYoungGen      total 337920K, used 326174K [0x00000000d5580000, 0x00000000efe80000, 0x0000000100000000)
  eden space 266240K, 100% used [0x00000000d5580000,0x00000000e5980000,0x00000000e5980000)
  from space 71680K, 83% used [0x00000000eb880000,0x00000000ef307a70,0x00000000efe80000)
  to   space 73216K, 0% used [0x00000000e5980000,0x00000000e5980000,0x00000000ea100000)
 ParOldGen       total 339968K, used 172084K [0x0000000080000000, 0x0000000094c00000, 0x00000000d5580000)
  object space 339968K, 50% used [0x0000000080000000,0x000000008a80d128,0x0000000094c00000)
 Metaspace       used 98189K, capacity 102808K, committed 103000K, reserved 1138688K
  class space    used 13248K, capacity 14169K, committed 14208K, reserved 1048576K
Event: 56.058 GC heap after
Heap after GC invocations=27 (full 4):
 PSYoungGen      total 339456K, used 59146K [0x00000000d5580000, 0x00000000f2c00000, 0x0000000100000000)
  eden space 266240K, 0% used [0x00000000d5580000,0x00000000d5580000,0x00000000e5980000)
  from space 73216K, 80% used [0x00000000e5980000,0x00000000e9342a20,0x00000000ea100000)
  to   space 83456K, 0% used [0x00000000eda80000,0x00000000eda80000,0x00000000f2c00000)
 ParOldGen       total 339968K, used 197025K [0x0000000080000000, 0x0000000094c00000, 0x00000000d5580000)
  object space 339968K, 57% used [0x0000000080000000,0x000000008c0685c8,0x0000000094c00000)
 Metaspace       used 98189K, capacity 102808K, committed 103000K, reserved 1138688K
  class space    used 13248K, capacity 14169K, committed 14208K, reserved 1048576K
}

