# JRE version: OpenJDK Runtime Environment (8.0_242-b01) (build 1.8.0_242-release-1644-b01)
# Java VM: OpenJDK 64-Bit Server VM (25.242-b01 mixed mode windows-amd64 compressed oops)
Heap:
 PSYoungGen      total 345600K, used 127012K [0x00000000d5580000, 0x00000000f3980000, 0x0000000100000000)
  eden space 267264K, 47% used [0x00000000d5580000,0x00000000dd189200,0x00000000e5a80000)
  from space 78336K, 0% used [0x00000000e5a80000,0x00000000e5a80000,0x00000000ea700000)
  to   space 94208K, 0% used [0x00000000edd80000,0x00000000edd80000,0x00000000f3980000)
 ParOldGen       total 159232K, used 138273K [0x0000000080000000, 0x0000000089b80000, 0x00000000d5580000)
  object space 159232K, 86% used [0x0000000080000000,0x0000000088708788,0x0000000089b80000)
 Metaspace       used 106645K, capacity 111828K, committed 112344K, reserved 1146880K
  class space    used 13893K, capacity 14911K, committed 15104K, reserved 1048576K
GC Heap History (10 events):
Event: 54.043 GC heap before
{Heap before GC invocations=29 (full 6):
 PSYoungGen      total 348160K, used 305554K [0x00000000d5580000, 0x00000000efa00000, 0x0000000100000000)
  eden space 267264K, 100% used [0x00000000d5580000,0x00000000e5a80000,0x00000000e5a80000)
  from space 80896K, 47% used [0x00000000ea700000,0x00000000ecc64aa8,0x00000000ef600000)
  to   space 78336K, 0% used [0x00000000e5a80000,0x00000000e5a80000,0x00000000ea700000)
 ParOldGen       total 159232K, used 131152K [0x0000000080000000, 0x0000000089b80000, 0x00000000d5580000)
  object space 159232K, 82% used [0x0000000080000000,0x0000000088014080,0x0000000089b80000)
 Metaspace       used 100760K, capacity 106266K, committed 106456K, reserved 1140736K
  class space    used 13482K, capacity 14564K, committed 14592K, reserved 1048576K
Event: 54.090 GC heap after
Heap after GC invocations=29 (full 6):
 PSYoungGen      total 345600K, used 78315K [0x00000000d5580000, 0x00000000f3980000, 0x0000000100000000)
  eden space 267264K, 0% used [0x00000000d5580000,0x00000000d5580000,0x00000000e5a80000)
  from space 78336K, 99% used [0x00000000e5a80000,0x00000000ea6fae68,0x00000000ea700000)
  to   space 94208K, 0% used [0x00000000edd80000,0x00000000edd80000,0x00000000f3980000)
 ParOldGen       total 159232K, used 139075K [0x0000000080000000, 0x0000000089b80000, 0x00000000d5580000)
  object space 159232K, 87% used [0x0000000080000000,0x00000000887d0ff0,0x0000000089b80000)
 Metaspace       used 100760K, capacity 106266K, committed 106456K, reserved 1140736K
  class space    used 13482K, capacity 14564K, committed 14592K, reserved 1048576K
}
Event: 54.090 GC heap before
{Heap before GC invocations=30 (full 7):
 PSYoungGen      total 345600K, used 78315K [0x00000000d5580000, 0x00000000f3980000, 0x0000000100000000)
  eden space 267264K, 0% used [0x00000000d5580000,0x00000000d5580000,0x00000000e5a80000)
  from space 78336K, 99% used [0x00000000e5a80000,0x00000000ea6fae68,0x00000000ea700000)
  to   space 94208K, 0% used [0x00000000edd80000,0x00000000edd80000,0x00000000f3980000)
 ParOldGen       total 159232K, used 139075K [0x0000000080000000, 0x0000000089b80000, 0x00000000d5580000)
  object space 159232K, 87% used [0x0000000080000000,0x00000000887d0ff0,0x0000000089b80000)
 Metaspace       used 100760K, capacity 106266K, committed 106456K, reserved 1140736K
  class space    used 13482K, capacity 14564K, committed 14592K, reserved 1048576K
Event: 55.309 GC heap after
Heap after GC invocations=30 (full 7):
 PSYoungGen      total 345600K, used 44735K [0x00000000d5580000, 0x00000000f3980000, 0x0000000100000000)
  eden space 267264K, 0% used [0x00000000d5580000,0x00000000d5580000,0x00000000e5a80000)
  from space 78336K, 57% used [0x00000000e5a80000,0x00000000e862ffa8,0x00000000ea700000)
  to   space 94208K, 0% used [0x00000000edd80000,0x00000000edd80000,0x00000000f3980000)
 ParOldGen       total 159232K, used 159142K [0x0000000080000000, 0x0000000089b80000, 0x00000000d5580000)
  object space 159232K, 99% used [0x0000000080000000,0x0000000089b69850,0x0000000089b80000)
 Metaspace       used 100389K, capacity 105306K, committed 106456K, reserved 1140736K
  class space    used 13351K, capacity 14334K, committed 14592K, reserved 1048576K
}
Event: 57.348 GC heap before
{Heap before GC invocations=31 (full 8):
 PSYoungGen      total 345600K, used 311999K [0x00000000d5580000, 0x00000000f3980000, 0x0000000100000000)
  eden space 267264K, 100% used [0x00000000d5580000,0x00000000e5a80000,0x00000000e5a80000)
  from space 78336K, 57% used [0x00000000e5a80000,0x00000000e862ffa8,0x00000000ea700000)
  to   space 94208K, 0% used [0x00000000edd80000,0x00000000edd80000,0x00000000f3980000)
 ParOldGen       total 159232K, used 159142K [0x0000000080000000, 0x0000000089b80000, 0x00000000d5580000)
  object space 159232K, 99% used [0x0000000080000000,0x0000000089b69850,0x0000000089b80000)
 Metaspace       used 101348K, capacity 106342K, committed 107352K, reserved 1142784K
  class space    used 13493K, capacity 14498K, committed 14720K, reserved 1048576K
Event: 58.651 GC heap after
Heap after GC invocations=31 (full 8):
 PSYoungGen      total 345600K, used 101747K [0x00000000d5580000, 0x00000000f3980000, 0x0000000100000000)
  eden space 267264K, 38% used [0x00000000d5580000,0x00000000db8dcd78,0x00000000e5a80000)
  from space 78336K, 0% used [0x00000000e5a80000,0x00000000e5a80000,0x00000000ea700000)
  to   space 94208K, 0% used [0x00000000edd80000,0x00000000edd80000,0x00000000f3980000)
 ParOldGen       total 159232K, used 159100K [0x0000000080000000, 0x0000000089b80000, 0x00000000d5580000)
  object space 159232K, 99% used [0x0000000080000000,0x0000000089b5f100,0x0000000089b80000)
 Metaspace       used 101325K, capacity 106280K, committed 107352K, reserved 1142784K
  class space    used 13485K, capacity 14483K, committed 14720K, reserved 1048576K
}
Event: 60.833 GC heap before
{Heap before GC invocations=32 (full 9):
 PSYoungGen      total 345600K, used 267264K [0x00000000d5580000, 0x00000000f3980000, 0x0000000100000000)
  eden space 267264K, 100% used [0x00000000d5580000,0x00000000e5a80000,0x00000000e5a80000)
  from space 78336K, 0% used [0x00000000e5a80000,0x00000000e5a80000,0x00000000ea700000)
  to   space 94208K, 0% used [0x00000000edd80000,0x00000000edd80000,0x00000000f3980000)
 ParOldGen       total 159232K, used 159100K [0x0000000080000000, 0x0000000089b80000, 0x00000000d5580000)
  object space 159232K, 99% used [0x0000000080000000,0x0000000089b5f100,0x0000000089b80000)
 Metaspace       used 101714K, capacity 106668K, committed 107608K, reserved 1142784K
  class space    used 13493K, capacity 14493K, committed 14720K, reserved 1048576K
Event: 62.066 GC heap after
Heap after GC invocations=32 (full 9):
 PSYoungGen      total 345600K, used 105347K [0x00000000d5580000, 0x00000000f3980000, 0x0000000100000000)
  eden space 267264K, 39% used [0x00000000d5580000,0x00000000dbc60df8,0x00000000e5a80000)
  from space 78336K, 0% used [0x00000000e5a80000,0x00000000e5a80000,0x00000000ea700000)
  to   space 94208K, 0% used [0x00000000edd80000,0x00000000edd80000,0x00000000f3980000)
 ParOldGen       total 159232K, used 159198K [0x0000000080000000, 0x0000000089b80000, 0x00000000d5580000)
  object space 159232K, 99% used [0x0000000080000000,0x0000000089b77918,0x0000000089b80000)
 Metaspace       used 101714K, capacity 106668K, committed 107608K, reserved 1142784K
  class space    used 13493K, capacity 14493K, committed 14720K, reserved 1048576K
}
Event: 64.309 GC heap before
{Heap before GC invocations=33 (full 10):
 PSYoungGen      total 345600K, used 264371K [0x00000000d5580000, 0x00000000f3980000, 0x0000000100000000)
  eden space 267264K, 98% used [0x00000000d5580000,0x00000000e57ace98,0x00000000e5a80000)
  from space 78336K, 0% used [0x00000000e5a80000,0x00000000e5a80000,0x00000000ea700000)
  to   space 94208K, 0% used [0x00000000edd80000,0x00000000edd80000,0x00000000f3980000)
 ParOldGen       total 159232K, used 159198K [0x0000000080000000, 0x0000000089b80000, 0x00000000d5580000)
  object space 159232K, 99% used [0x0000000080000000,0x0000000089b77918,0x0000000089b80000)
 Metaspace       used 102761K, capacity 107766K, committed 108504K, reserved 1142784K
  class space    used 13626K, capacity 14606K, committed 14848K, reserved 1048576K
Event: 64.713 GC heap after
Heap after GC invocations=33 (full 10):
 PSYoungGen      total 345600K, used 0K [0x00000000d5580000, 0x00000000f3980000, 0x0000000100000000)
  eden space 267264K, 0% used [0x00000000d5580000,0x00000000d5580000,0x00000000e5a80000)
  from space 78336K, 0% used [0x00000000e5a80000,0x00000000e5a80000,0x00000000ea700000)
  to   space 94208K, 0% used [0x00000000edd80000,0x00000000edd80000,0x00000000f3980000)
 ParOldGen       total 159232K, used 138273K [0x0000000080000000, 0x0000000089b80000, 0x00000000d5580000)
  object space 159232K, 86% used [0x0000000080000000,0x0000000088708788,0x0000000089b80000)
 Metaspace       used 102761K, capacity 107766K, committed 108504K, reserved 1142784K
  class space    used 13626K, capacity 14606K, committed 14848K, reserved 1048576K
}

