# JRE version: OpenJDK Runtime Environment (8.0_242-b01) (build 1.8.0_242-release-1644-b01)
# Java VM: OpenJDK 64-Bit Server VM (25.242-b01 mixed mode windows-amd64 compressed oops)
Heap:
 PSYoungGen      total 484864K, used 298472K [0x00000000d5580000, 0x0000000100000000, 0x0000000100000000)
  eden space 347648K, 85% used [0x00000000d5580000,0x00000000e78fa2f8,0x00000000ea900000)
  from space 137216K, 0% used [0x00000000ea900000,0x00000000ea900000,0x00000000f2f00000)
  to   space 188928K, 0% used [0x00000000f4780000,0x00000000f4780000,0x0000000100000000)
 ParOldGen       total 338944K, used 171042K [0x0000000080000000, 0x0000000094b00000, 0x00000000d5580000)
  object space 338944K, 50% used [0x0000000080000000,0x000000008a708978,0x0000000094b00000)
 Metaspace       used 142413K, capacity 148440K, committed 148864K, reserved 1179648K
  class space    used 18343K, capacity 19573K, committed 19584K, reserved 1048576K
GC Heap History (10 events):
Event: 231.237 GC heap before
{Heap before GC invocations=29 (full 4):
 PSYoungGen      total 421376K, used 403998K [0x00000000d5580000, 0x00000000f6c00000, 0x0000000100000000)
  eden space 325120K, 100% used [0x00000000d5580000,0x00000000e9300000,0x00000000e9300000)
  from space 96256K, 81% used [0x00000000efb00000,0x00000000f4807a68,0x00000000f5900000)
  to   space 106496K, 0% used [0x00000000e9300000,0x00000000e9300000,0x00000000efb00000)
 ParOldGen       total 331264K, used 185200K [0x0000000080000000, 0x0000000094380000, 0x00000000d5580000)
  object space 331264K, 55% used [0x0000000080000000,0x000000008b4dc1f8,0x0000000094380000)
 Metaspace       used 94242K, capacity 99062K, committed 99328K, reserved 1134592K
  class space    used 12537K, capacity 13465K, committed 13568K, reserved 1048576K
Event: 231.410 GC heap after
Heap after GC invocations=29 (full 4):
 PSYoungGen      total 431616K, used 101662K [0x00000000d5580000, 0x00000000fa700000, 0x0000000100000000)
  eden space 325120K, 0% used [0x00000000d5580000,0x00000000d5580000,0x00000000e9300000)
  from space 106496K, 95% used [0x00000000e9300000,0x00000000ef647a30,0x00000000efb00000)
  to   space 122880K, 0% used [0x00000000f2f00000,0x00000000f2f00000,0x00000000fa700000)
 ParOldGen       total 331264K, used 195014K [0x0000000080000000, 0x0000000094380000, 0x00000000d5580000)
  object space 331264K, 58% used [0x0000000080000000,0x000000008be71830,0x0000000094380000)
 Metaspace       used 94242K, capacity 99062K, committed 99328K, reserved 1134592K
  class space    used 12537K, capacity 13465K, committed 13568K, reserved 1048576K
}
Event: 244.266 GC heap before
{Heap before GC invocations=30 (full 4):
 PSYoungGen      total 431616K, used 426782K [0x00000000d5580000, 0x00000000fa700000, 0x0000000100000000)
  eden space 325120K, 100% used [0x00000000d5580000,0x00000000e9300000,0x00000000e9300000)
  from space 106496K, 95% used [0x00000000e9300000,0x00000000ef647a30,0x00000000efb00000)
  to   space 122880K, 0% used [0x00000000f2f00000,0x00000000f2f00000,0x00000000fa700000)
 ParOldGen       total 331264K, used 195014K [0x0000000080000000, 0x0000000094380000, 0x00000000d5580000)
  object space 331264K, 58% used [0x0000000080000000,0x000000008be71830,0x0000000094380000)
 Metaspace       used 99167K, capacity 104088K, committed 104192K, reserved 1138688K
  class space    used 13060K, capacity 14064K, committed 14080K, reserved 1048576K
Event: 244.396 GC heap after
Heap after GC invocations=30 (full 4):
 PSYoungGen      total 470528K, used 105479K [0x00000000d5580000, 0x00000000fc000000, 0x0000000100000000)
  eden space 347648K, 0% used [0x00000000d5580000,0x00000000d5580000,0x00000000ea900000)
  from space 122880K, 85% used [0x00000000f2f00000,0x00000000f9601e20,0x00000000fa700000)
  to   space 137216K, 0% used [0x00000000ea900000,0x00000000ea900000,0x00000000f2f00000)
 ParOldGen       total 331264K, used 195022K [0x0000000080000000, 0x0000000094380000, 0x00000000d5580000)
  object space 331264K, 58% used [0x0000000080000000,0x000000008be73830,0x0000000094380000)
 Metaspace       used 99167K, capacity 104088K, committed 104192K, reserved 1138688K
  class space    used 13060K, capacity 14064K, committed 14080K, reserved 1048576K
}
Event: 252.957 GC heap before
{Heap before GC invocations=31 (full 4):
 PSYoungGen      total 470528K, used 453127K [0x00000000d5580000, 0x00000000fc000000, 0x0000000100000000)
  eden space 347648K, 100% used [0x00000000d5580000,0x00000000ea900000,0x00000000ea900000)
  from space 122880K, 85% used [0x00000000f2f00000,0x00000000f9601e20,0x00000000fa700000)
  to   space 137216K, 0% used [0x00000000ea900000,0x00000000ea900000,0x00000000f2f00000)
 ParOldGen       total 331264K, used 195022K [0x0000000080000000, 0x0000000094380000, 0x00000000d5580000)
  object space 331264K, 58% used [0x0000000080000000,0x000000008be73830,0x0000000094380000)
 Metaspace       used 113427K, capacity 118616K, committed 119040K, reserved 1153024K
  class space    used 14716K, capacity 15787K, committed 15872K, reserved 1048576K
Event: 253.321 GC heap after
Heap after GC invocations=31 (full 4):
 PSYoungGen      total 484864K, used 137206K [0x00000000d5580000, 0x0000000100000000, 0x0000000100000000)
  eden space 347648K, 0% used [0x00000000d5580000,0x00000000d5580000,0x00000000ea900000)
  from space 137216K, 99% used [0x00000000ea900000,0x00000000f2efd870,0x00000000f2f00000)
  to   space 188928K, 0% used [0x00000000f4780000,0x00000000f4780000,0x0000000100000000)
 ParOldGen       total 331264K, used 272312K [0x0000000080000000, 0x0000000094380000, 0x00000000d5580000)
  object space 331264K, 82% used [0x0000000080000000,0x00000000909ee258,0x0000000094380000)
 Metaspace       used 113427K, capacity 118616K, committed 119040K, reserved 1153024K
  class space    used 14716K, capacity 15787K, committed 15872K, reserved 1048576K
}
Event: 261.256 GC heap before
{Heap before GC invocations=32 (full 4):
 PSYoungGen      total 484864K, used 484854K [0x00000000d5580000, 0x0000000100000000, 0x0000000100000000)
  eden space 347648K, 100% used [0x00000000d5580000,0x00000000ea900000,0x00000000ea900000)
  from space 137216K, 99% used [0x00000000ea900000,0x00000000f2efd870,0x00000000f2f00000)
  to   space 188928K, 0% used [0x00000000f4780000,0x00000000f4780000,0x0000000100000000)
 ParOldGen       total 331264K, used 272312K [0x0000000080000000, 0x0000000094380000, 0x00000000d5580000)
  object space 331264K, 82% used [0x0000000080000000,0x00000000909ee258,0x0000000094380000)
 Metaspace       used 121675K, capacity 127410K, committed 127744K, reserved 1161216K
  class space    used 15582K, capacity 16792K, committed 16896K, reserved 1048576K
Event: 262.065 GC heap after
Heap after GC invocations=32 (full 4):
 PSYoungGen      total 484864K, used 484854K [0x00000000d5580000, 0x0000000100000000, 0x0000000100000000)
  eden space 347648K, 100% used [0x00000000d5580000,0x00000000ea900000,0x00000000ea900000)
  from space 137216K, 99% used [0x00000000ea900000,0x00000000f2efd870,0x00000000f2f00000)
  to   space 188928K, 47% used [0x00000000f4780000,0x00000000f9ea15d8,0x0000000100000000)
 ParOldGen       total 338944K, used 338910K [0x0000000080000000, 0x0000000094b00000, 0x00000000d5580000)
  object space 338944K, 99% used [0x0000000080000000,0x0000000094af7ae0,0x0000000094b00000)
 Metaspace       used 121675K, capacity 127410K, committed 127744K, reserved 1161216K
  class space    used 15582K, capacity 16792K, committed 16896K, reserved 1048576K
}
Event: 262.161 GC heap before
{Heap before GC invocations=33 (full 5):
 PSYoungGen      total 484864K, used 484854K [0x00000000d5580000, 0x0000000100000000, 0x0000000100000000)
  eden space 347648K, 100% used [0x00000000d5580000,0x00000000ea900000,0x00000000ea900000)
  from space 137216K, 99% used [0x00000000ea900000,0x00000000f2efd870,0x00000000f2f00000)
  to   space 188928K, 47% used [0x00000000f4780000,0x00000000f9ea15d8,0x0000000100000000)
 ParOldGen       total 338944K, used 338910K [0x0000000080000000, 0x0000000094b00000, 0x00000000d5580000)
  object space 338944K, 99% used [0x0000000080000000,0x0000000094af7ae0,0x0000000094b00000)
 Metaspace       used 121675K, capacity 127410K, committed 127744K, reserved 1161216K
  class space    used 15582K, capacity 16792K, committed 16896K, reserved 1048576K
Event: 263.439 GC heap after
Heap after GC invocations=33 (full 5):
 PSYoungGen      total 484864K, used 0K [0x00000000d5580000, 0x0000000100000000, 0x0000000100000000)
  eden space 347648K, 0% used [0x00000000d5580000,0x00000000d5580000,0x00000000ea900000)
  from space 137216K, 0% used [0x00000000ea900000,0x00000000ea900000,0x00000000f2f00000)
  to   space 188928K, 0% used [0x00000000f4780000,0x00000000f4780000,0x0000000100000000)
 ParOldGen       total 338944K, used 171042K [0x0000000080000000, 0x0000000094b00000, 0x00000000d5580000)
  object space 338944K, 50% used [0x0000000080000000,0x000000008a708978,0x0000000094b00000)
 Metaspace       used 121612K, capacity 127236K, committed 127744K, reserved 1161216K
  class space    used 15561K, capacity 16753K, committed 16896K, reserved 1048576K
}

