# JRE version: OpenJDK Runtime Environment (8.0_242-b01) (build 1.8.0_242-release-1644-b01)
# Java VM: OpenJDK 64-Bit Server VM (25.242-b01 mixed mode windows-amd64 compressed oops)
Heap:
 PSYoungGen      total 117248K, used 8010K [0x00000000d5580000, 0x00000000dd400000, 0x0000000100000000)
  eden space 105472K, 0% used [0x00000000d5580000,0x00000000d5580000,0x00000000dbc80000)
  from space 11776K, 68% used [0x00000000dbc80000,0x00000000dc452b80,0x00000000dc800000)
  to   space 11264K, 0% used [0x00000000dc800000,0x00000000dc800000,0x00000000dd300000)
 ParOldGen       total 60416K, used 9245K [0x0000000080000000, 0x0000000083b00000, 0x00000000d5580000)
  object space 60416K, 15% used [0x0000000080000000,0x00000000809075c8,0x0000000083b00000)
 Metaspace       used 34015K, capacity 35244K, committed 35416K, reserved 1079296K
  class space    used 4665K, capacity 4969K, committed 4992K, reserved 1048576K
GC Heap History (10 events):
Event: 4.827 GC heap after
Heap after GC invocations=5 (full 0):
 PSYoungGen      total 38400K, used 5096K [0x00000000d5580000, 0x00000000daa80000, 0x0000000100000000)
  eden space 33280K, 0% used [0x00000000d5580000,0x00000000d5580000,0x00000000d7600000)
  from space 5120K, 99% used [0x00000000d7600000,0x00000000d7afa040,0x00000000d7b00000)
  to   space 10240K, 0% used [0x00000000da080000,0x00000000da080000,0x00000000daa80000)
 ParOldGen       total 87552K, used 7473K [0x0000000080000000, 0x0000000085580000, 0x00000000d5580000)
  object space 87552K, 8% used [0x0000000080000000,0x000000008074c428,0x0000000085580000)
 Metaspace       used 17904K, capacity 18512K, committed 18816K, reserved 1064960K
  class space    used 2449K, capacity 2632K, committed 2688K, reserved 1048576K
}
Event: 5.394 GC heap before
{Heap before GC invocations=6 (full 0):
 PSYoungGen      total 38400K, used 35764K [0x00000000d5580000, 0x00000000daa80000, 0x0000000100000000)
  eden space 33280K, 92% used [0x00000000d5580000,0x00000000d73730d0,0x00000000d7600000)
  from space 5120K, 99% used [0x00000000d7600000,0x00000000d7afa040,0x00000000d7b00000)
  to   space 10240K, 0% used [0x00000000da080000,0x00000000da080000,0x00000000daa80000)
 ParOldGen       total 87552K, used 7473K [0x0000000080000000, 0x0000000085580000, 0x00000000d5580000)
  object space 87552K, 8% used [0x0000000080000000,0x000000008074c428,0x0000000085580000)
 Metaspace       used 20507K, capacity 21204K, committed 21248K, reserved 1067008K
  class space    used 2856K, capacity 3048K, committed 3072K, reserved 1048576K
Event: 5.404 GC heap after
Heap after GC invocations=6 (full 0):
 PSYoungGen      total 76288K, used 8335K [0x00000000d5580000, 0x00000000dab80000, 0x0000000100000000)
  eden space 66048K, 0% used [0x00000000d5580000,0x00000000d5580000,0x00000000d9600000)
  from space 10240K, 81% used [0x00000000da080000,0x00000000da8a3dd0,0x00000000daa80000)
  to   space 10752K, 0% used [0x00000000d9600000,0x00000000d9600000,0x00000000da080000)
 ParOldGen       total 87552K, used 7481K [0x0000000080000000, 0x0000000085580000, 0x00000000d5580000)
  object space 87552K, 8% used [0x0000000080000000,0x000000008074e428,0x0000000085580000)
 Metaspace       used 20507K, capacity 21204K, committed 21248K, reserved 1067008K
  class space    used 2856K, capacity 3048K, committed 3072K, reserved 1048576K
}
Event: 5.404 GC heap before
{Heap before GC invocations=7 (full 1):
 PSYoungGen      total 76288K, used 8335K [0x00000000d5580000, 0x00000000dab80000, 0x0000000100000000)
  eden space 66048K, 0% used [0x00000000d5580000,0x00000000d5580000,0x00000000d9600000)
  from space 10240K, 81% used [0x00000000da080000,0x00000000da8a3dd0,0x00000000daa80000)
  to   space 10752K, 0% used [0x00000000d9600000,0x00000000d9600000,0x00000000da080000)
 ParOldGen       total 87552K, used 7481K [0x0000000080000000, 0x0000000085580000, 0x00000000d5580000)
  object space 87552K, 8% used [0x0000000080000000,0x000000008074e428,0x0000000085580000)
 Metaspace       used 20507K, capacity 21204K, committed 21248K, reserved 1067008K
  class space    used 2856K, capacity 3048K, committed 3072K, reserved 1048576K
Event: 5.456 GC heap after
Heap after GC invocations=7 (full 1):
 PSYoungGen      total 76288K, used 0K [0x00000000d5580000, 0x00000000dab80000, 0x0000000100000000)
  eden space 66048K, 0% used [0x00000000d5580000,0x00000000d5580000,0x00000000d9600000)
  from space 10240K, 0% used [0x00000000da080000,0x00000000da080000,0x00000000daa80000)
  to   space 10752K, 0% used [0x00000000d9600000,0x00000000d9600000,0x00000000da080000)
 ParOldGen       total 60416K, used 9221K [0x0000000080000000, 0x0000000083b00000, 0x00000000d5580000)
  object space 60416K, 15% used [0x0000000080000000,0x00000000809015c8,0x0000000083b00000)
 Metaspace       used 20507K, capacity 21204K, committed 21248K, reserved 1067008K
  class space    used 2856K, capacity 3048K, committed 3072K, reserved 1048576K
}
Event: 6.626 GC heap before
{Heap before GC invocations=8 (full 1):
 PSYoungGen      total 76288K, used 66048K [0x00000000d5580000, 0x00000000dab80000, 0x0000000100000000)
  eden space 66048K, 100% used [0x00000000d5580000,0x00000000d9600000,0x00000000d9600000)
  from space 10240K, 0% used [0x00000000da080000,0x00000000da080000,0x00000000daa80000)
  to   space 10752K, 0% used [0x00000000d9600000,0x00000000d9600000,0x00000000da080000)
 ParOldGen       total 60416K, used 9221K [0x0000000080000000, 0x0000000083b00000, 0x00000000d5580000)
  object space 60416K, 15% used [0x0000000080000000,0x00000000809015c8,0x0000000083b00000)
 Metaspace       used 28574K, capacity 29450K, committed 29568K, reserved 1075200K
  class space    used 3950K, capacity 4191K, committed 4224K, reserved 1048576K
Event: 6.644 GC heap after
Heap after GC invocations=8 (full 1):
 PSYoungGen      total 76800K, used 8394K [0x00000000d5580000, 0x00000000dd300000, 0x0000000100000000)
  eden space 66048K, 0% used [0x00000000d5580000,0x00000000d5580000,0x00000000d9600000)
  from space 10752K, 78% used [0x00000000d9600000,0x00000000d9e32848,0x00000000da080000)
  to   space 11264K, 0% used [0x00000000dc800000,0x00000000dc800000,0x00000000dd300000)
 ParOldGen       total 60416K, used 9229K [0x0000000080000000, 0x0000000083b00000, 0x00000000d5580000)
  object space 60416K, 15% used [0x0000000080000000,0x00000000809035c8,0x0000000083b00000)
 Metaspace       used 28574K, capacity 29450K, committed 29568K, reserved 1075200K
  class space    used 3950K, capacity 4191K, committed 4224K, reserved 1048576K
}
Event: 7.445 GC heap before
{Heap before GC invocations=9 (full 1):
 PSYoungGen      total 76800K, used 74442K [0x00000000d5580000, 0x00000000dd300000, 0x0000000100000000)
  eden space 66048K, 100% used [0x00000000d5580000,0x00000000d9600000,0x00000000d9600000)
  from space 10752K, 78% used [0x00000000d9600000,0x00000000d9e32848,0x00000000da080000)
  to   space 11264K, 0% used [0x00000000dc800000,0x00000000dc800000,0x00000000dd300000)
 ParOldGen       total 60416K, used 9229K [0x0000000080000000, 0x0000000083b00000, 0x00000000d5580000)
  object space 60416K, 15% used [0x0000000080000000,0x00000000809035c8,0x0000000083b00000)
 Metaspace       used 32885K, capacity 34000K, committed 34304K, reserved 1079296K
  class space    used 4489K, capacity 4754K, committed 4864K, reserved 1048576K
Event: 7.457 GC heap after
Heap after GC invocations=9 (full 1):
 PSYoungGen      total 116736K, used 9539K [0x00000000d5580000, 0x00000000dd400000, 0x0000000100000000)
  eden space 105472K, 0% used [0x00000000d5580000,0x00000000d5580000,0x00000000dbc80000)
  from space 11264K, 84% used [0x00000000dc800000,0x00000000dd150ca8,0x00000000dd300000)
  to   space 11776K, 0% used [0x00000000dbc80000,0x00000000dbc80000,0x00000000dc800000)
 ParOldGen       total 60416K, used 9237K [0x0000000080000000, 0x0000000083b00000, 0x00000000d5580000)
  object space 60416K, 15% used [0x0000000080000000,0x00000000809055c8,0x0000000083b00000)
 Metaspace       used 32885K, capacity 34000K, committed 34304K, reserved 1079296K
  class space    used 4489K, capacity 4754K, committed 4864K, reserved 1048576K
}
Event: 7.713 GC heap before
{Heap before GC invocations=10 (full 1):
 PSYoungGen      total 116736K, used 35743K [0x00000000d5580000, 0x00000000dd400000, 0x0000000100000000)
  eden space 105472K, 24% used [0x00000000d5580000,0x00000000d6f172e8,0x00000000dbc80000)
  from space 11264K, 84% used [0x00000000dc800000,0x00000000dd150ca8,0x00000000dd300000)
  to   space 11776K, 0% used [0x00000000dbc80000,0x00000000dbc80000,0x00000000dc800000)
 ParOldGen       total 60416K, used 9237K [0x0000000080000000, 0x0000000083b00000, 0x00000000d5580000)
  object space 60416K, 15% used [0x0000000080000000,0x00000000809055c8,0x0000000083b00000)
 Metaspace       used 34015K, capacity 35244K, committed 35416K, reserved 1079296K
  class space    used 4665K, capacity 4969K, committed 4992K, reserved 1048576K

