# JRE version: OpenJDK Runtime Environment (8.0_242-b01) (build 1.8.0_242-release-1644-b01)
# Java VM: OpenJDK 64-Bit Server VM (25.242-b01 mixed mode windows-amd64 compressed oops)
Heap:
 PSYoungGen      total 285696K, used 211897K [0x00000000d5580000, 0x00000000eda00000, 0x0000000100000000)
  eden space 188416K, 75% used [0x00000000d5580000,0x00000000de153a70,0x00000000e0d80000)
  from space 97280K, 70% used [0x00000000e7200000,0x00000000eb51ad48,0x00000000ed100000)
  to   space 102912K, 0% used [0x00000000e0d80000,0x00000000e0d80000,0x00000000e7200000)
 ParOldGen       total 379392K, used 183554K [0x0000000080000000, 0x0000000097280000, 0x00000000d5580000)
  object space 379392K, 48% used [0x0000000080000000,0x000000008b340a20,0x0000000097280000)
 Metaspace       used 85469K, capacity 89846K, committed 89984K, reserved 1126400K
  class space    used 11501K, capacity 12364K, committed 12416K, reserved 1048576K
GC Heap History (10 events):
Event: 25.084 GC heap before
{Heap before GC invocations=22 (full 3):
 PSYoungGen      total 182272K, used 182270K [0x00000000d5580000, 0x00000000e7a80000, 0x0000000100000000)
  eden space 145920K, 100% used [0x00000000d5580000,0x00000000de400000,0x00000000de400000)
  from space 36352K, 99% used [0x00000000e2000000,0x00000000e437f9f8,0x00000000e4380000)
  to   space 61440K, 0% used [0x00000000de400000,0x00000000de400000,0x00000000e2000000)
 ParOldGen       total 174592K, used 105422K [0x0000000080000000, 0x000000008aa80000, 0x00000000d5580000)
  object space 174592K, 60% used [0x0000000080000000,0x00000000866f3880,0x000000008aa80000)
 Metaspace       used 77858K, capacity 82140K, committed 82304K, reserved 1120256K
  class space    used 10803K, capacity 11629K, committed 11648K, reserved 1048576K
Event: 25.222 GC heap after
Heap after GC invocations=22 (full 3):
 PSYoungGen      total 207360K, used 61436K [0x00000000d5580000, 0x00000000eac80000, 0x0000000100000000)
  eden space 145920K, 0% used [0x00000000d5580000,0x00000000d5580000,0x00000000de400000)
  from space 61440K, 99% used [0x00000000de400000,0x00000000e1fff250,0x00000000e2000000)
  to   space 87552K, 0% used [0x00000000e5700000,0x00000000e5700000,0x00000000eac80000)
 ParOldGen       total 174592K, used 148290K [0x0000000080000000, 0x000000008aa80000, 0x00000000d5580000)
  object space 174592K, 84% used [0x0000000080000000,0x00000000890d0b78,0x000000008aa80000)
 Metaspace       used 77858K, capacity 82140K, committed 82304K, reserved 1120256K
  class space    used 10803K, capacity 11629K, committed 11648K, reserved 1048576K
}
Event: 25.222 GC heap before
{Heap before GC invocations=23 (full 4):
 PSYoungGen      total 207360K, used 61436K [0x00000000d5580000, 0x00000000eac80000, 0x0000000100000000)
  eden space 145920K, 0% used [0x00000000d5580000,0x00000000d5580000,0x00000000de400000)
  from space 61440K, 99% used [0x00000000de400000,0x00000000e1fff250,0x00000000e2000000)
  to   space 87552K, 0% used [0x00000000e5700000,0x00000000e5700000,0x00000000eac80000)
 ParOldGen       total 174592K, used 148290K [0x0000000080000000, 0x000000008aa80000, 0x00000000d5580000)
  object space 174592K, 84% used [0x0000000080000000,0x00000000890d0b78,0x000000008aa80000)
 Metaspace       used 77858K, capacity 82140K, committed 82304K, reserved 1120256K
  class space    used 10803K, capacity 11629K, committed 11648K, reserved 1048576K
Event: 26.930 GC heap after
Heap after GC invocations=23 (full 4):
 PSYoungGen      total 207360K, used 20739K [0x00000000d5580000, 0x00000000eac80000, 0x0000000100000000)
  eden space 145920K, 0% used [0x00000000d5580000,0x00000000d5580000,0x00000000de400000)
  from space 61440K, 33% used [0x00000000de400000,0x00000000df840ff0,0x00000000e2000000)
  to   space 87552K, 0% used [0x00000000e5700000,0x00000000e5700000,0x00000000eac80000)
 ParOldGen       total 379392K, used 174354K [0x0000000080000000, 0x0000000097280000, 0x00000000d5580000)
  object space 379392K, 45% used [0x0000000080000000,0x000000008aa448e8,0x0000000097280000)
 Metaspace       used 77506K, capacity 81094K, committed 82304K, reserved 1120256K
  class space    used 10689K, capacity 11428K, committed 11648K, reserved 1048576K
}
Event: 28.721 GC heap before
{Heap before GC invocations=24 (full 4):
 PSYoungGen      total 207360K, used 166659K [0x00000000d5580000, 0x00000000eac80000, 0x0000000100000000)
  eden space 145920K, 100% used [0x00000000d5580000,0x00000000de400000,0x00000000de400000)
  from space 61440K, 33% used [0x00000000de400000,0x00000000df840ff0,0x00000000e2000000)
  to   space 87552K, 0% used [0x00000000e5700000,0x00000000e5700000,0x00000000eac80000)
 ParOldGen       total 379392K, used 174354K [0x0000000080000000, 0x0000000097280000, 0x00000000d5580000)
  object space 379392K, 45% used [0x0000000080000000,0x000000008aa448e8,0x0000000097280000)
 Metaspace       used 79380K, capacity 83242K, committed 83840K, reserved 1122304K
  class space    used 10973K, capacity 11756K, committed 11904K, reserved 1048576K
Event: 28.827 GC heap after
Heap after GC invocations=24 (full 4):
 PSYoungGen      total 254464K, used 51492K [0x00000000d5580000, 0x00000000eaa00000, 0x0000000100000000)
  eden space 169472K, 0% used [0x00000000d5580000,0x00000000d5580000,0x00000000dfb00000)
  from space 84992K, 60% used [0x00000000e5700000,0x00000000e8949350,0x00000000eaa00000)
  to   space 89600K, 0% used [0x00000000dfb00000,0x00000000dfb00000,0x00000000e5280000)
 ParOldGen       total 379392K, used 183536K [0x0000000080000000, 0x0000000097280000, 0x00000000d5580000)
  object space 379392K, 48% used [0x0000000080000000,0x000000008b33c3c0,0x0000000097280000)
 Metaspace       used 79380K, capacity 83242K, committed 83840K, reserved 1122304K
  class space    used 10973K, capacity 11756K, committed 11904K, reserved 1048576K
}
Event: 32.446 GC heap before
{Heap before GC invocations=25 (full 4):
 PSYoungGen      total 254464K, used 220964K [0x00000000d5580000, 0x00000000eaa00000, 0x0000000100000000)
  eden space 169472K, 100% used [0x00000000d5580000,0x00000000dfb00000,0x00000000dfb00000)
  from space 84992K, 60% used [0x00000000e5700000,0x00000000e8949350,0x00000000eaa00000)
  to   space 89600K, 0% used [0x00000000dfb00000,0x00000000dfb00000,0x00000000e5280000)
 ParOldGen       total 379392K, used 183536K [0x0000000080000000, 0x0000000097280000, 0x00000000d5580000)
  object space 379392K, 48% used [0x0000000080000000,0x000000008b33c3c0,0x0000000097280000)
 Metaspace       used 80259K, capacity 84388K, committed 84608K, reserved 1122304K
  class space    used 11065K, capacity 11897K, committed 11904K, reserved 1048576K
Event: 32.516 GC heap after
Heap after GC invocations=25 (full 4):
 PSYoungGen      total 259072K, used 69648K [0x00000000d5580000, 0x00000000ed100000, 0x0000000100000000)
  eden space 169472K, 0% used [0x00000000d5580000,0x00000000d5580000,0x00000000dfb00000)
  from space 89600K, 77% used [0x00000000dfb00000,0x00000000e3f043c0,0x00000000e5280000)
  to   space 97280K, 0% used [0x00000000e7200000,0x00000000e7200000,0x00000000ed100000)
 ParOldGen       total 379392K, used 183544K [0x0000000080000000, 0x0000000097280000, 0x00000000d5580000)
  object space 379392K, 48% used [0x0000000080000000,0x000000008b33e3c0,0x0000000097280000)
 Metaspace       used 80259K, capacity 84388K, committed 84608K, reserved 1122304K
  class space    used 11065K, capacity 11897K, committed 11904K, reserved 1048576K
}
Event: 35.149 GC heap before
{Heap before GC invocations=26 (full 4):
 PSYoungGen      total 259072K, used 239120K [0x00000000d5580000, 0x00000000ed100000, 0x0000000100000000)
  eden space 169472K, 100% used [0x00000000d5580000,0x00000000dfb00000,0x00000000dfb00000)
  from space 89600K, 77% used [0x00000000dfb00000,0x00000000e3f043c0,0x00000000e5280000)
  to   space 97280K, 0% used [0x00000000e7200000,0x00000000e7200000,0x00000000ed100000)
 ParOldGen       total 379392K, used 183546K [0x0000000080000000, 0x0000000097280000, 0x00000000d5580000)
  object space 379392K, 48% used [0x0000000080000000,0x000000008b33ea20,0x0000000097280000)
 Metaspace       used 81417K, capacity 85748K, committed 85888K, reserved 1122304K
  class space    used 11222K, capacity 12089K, committed 12160K, reserved 1048576K
Event: 35.193 GC heap after
Heap after GC invocations=26 (full 4):
 PSYoungGen      total 285696K, used 68715K [0x00000000d5580000, 0x00000000eda00000, 0x0000000100000000)
  eden space 188416K, 0% used [0x00000000d5580000,0x00000000d5580000,0x00000000e0d80000)
  from space 97280K, 70% used [0x00000000e7200000,0x00000000eb51ad48,0x00000000ed100000)
  to   space 102912K, 0% used [0x00000000e0d80000,0x00000000e0d80000,0x00000000e7200000)
 ParOldGen       total 379392K, used 183554K [0x0000000080000000, 0x0000000097280000, 0x00000000d5580000)
  object space 379392K, 48% used [0x0000000080000000,0x000000008b340a20,0x0000000097280000)
 Metaspace       used 81417K, capacity 85748K, committed 85888K, reserved 1122304K
  class space    used 11222K, capacity 12089K, committed 12160K, reserved 1048576K
}

