# JRE version: OpenJDK Runtime Environment (8.0_242-b01) (build 1.8.0_242-release-1644-b01)
# Java VM: OpenJDK 64-Bit Server VM (25.242-b01 mixed mode windows-amd64 compressed oops)
Heap:
 PSYoungGen      total 493056K, used 46251K [0x00000000d5580000, 0x00000000f7d80000, 0x0000000100000000)
  eden space 442880K, 10% used [0x00000000d5580000,0x00000000d82aaf80,0x00000000f0600000)
  from space 50176K, 0% used [0x00000000f3580000,0x00000000f3580000,0x00000000f6680000)
  to   space 48640K, 0% used [0x00000000f0600000,0x00000000f0600000,0x00000000f3580000)
 ParOldGen       total 258560K, used 110628K [0x0000000080000000, 0x000000008fc80000, 0x00000000d5580000)
  object space 258560K, 42% used [0x0000000080000000,0x0000000086c09240,0x000000008fc80000)
 Metaspace       used 96160K, capacity 100092K, committed 100952K, reserved 1136640K
  class space    used 12681K, capacity 13524K, committed 13696K, reserved 1048576K
GC Heap History (10 events):
Event: 24.366 GC heap before
{Heap before GC invocations=12 (full 3):
 PSYoungGen      total 346112K, used 325120K [0x00000000d5580000, 0x00000000ecf80000, 0x0000000100000000)
  eden space 325120K, 100% used [0x00000000d5580000,0x00000000e9300000,0x00000000e9300000)
  from space 20992K, 0% used [0x00000000eb000000,0x00000000eb000000,0x00000000ec480000)
  to   space 29696K, 0% used [0x00000000e9300000,0x00000000e9300000,0x00000000eb000000)
 ParOldGen       total 150016K, used 46788K [0x0000000080000000, 0x0000000089280000, 0x00000000d5580000)
  object space 150016K, 31% used [0x0000000080000000,0x0000000082db1088,0x0000000089280000)
 Metaspace       used 68489K, capacity 72148K, committed 72280K, reserved 1112064K
  class space    used 9327K, capacity 10071K, committed 10112K, reserved 1048576K
Event: 24.440 GC heap after
Heap after GC invocations=12 (full 3):
 PSYoungGen      total 354816K, used 29679K [0x00000000d5580000, 0x00000000f1200000, 0x0000000100000000)
  eden space 325120K, 0% used [0x00000000d5580000,0x00000000d5580000,0x00000000e9300000)
  from space 29696K, 99% used [0x00000000e9300000,0x00000000eaffbd40,0x00000000eb000000)
  to   space 35328K, 0% used [0x00000000eef80000,0x00000000eef80000,0x00000000f1200000)
 ParOldGen       total 150016K, used 47990K [0x0000000080000000, 0x0000000089280000, 0x00000000d5580000)
  object space 150016K, 31% used [0x0000000080000000,0x0000000082eddb60,0x0000000089280000)
 Metaspace       used 68489K, capacity 72148K, committed 72280K, reserved 1112064K
  class space    used 9327K, capacity 10071K, committed 10112K, reserved 1048576K
}
Event: 32.351 GC heap before
{Heap before GC invocations=13 (full 3):
 PSYoungGen      total 354816K, used 354799K [0x00000000d5580000, 0x00000000f1200000, 0x0000000100000000)
  eden space 325120K, 100% used [0x00000000d5580000,0x00000000e9300000,0x00000000e9300000)
  from space 29696K, 99% used [0x00000000e9300000,0x00000000eaffbd40,0x00000000eb000000)
  to   space 35328K, 0% used [0x00000000eef80000,0x00000000eef80000,0x00000000f1200000)
 ParOldGen       total 150016K, used 47990K [0x0000000080000000, 0x0000000089280000, 0x00000000d5580000)
  object space 150016K, 31% used [0x0000000080000000,0x0000000082eddb60,0x0000000089280000)
 Metaspace       used 79683K, capacity 83740K, committed 84056K, reserved 1122304K
  class space    used 10793K, capacity 11572K, committed 11648K, reserved 1048576K
Event: 32.432 GC heap after
Heap after GC invocations=13 (full 3):
 PSYoungGen      total 406016K, used 35323K [0x00000000d5580000, 0x00000000f2980000, 0x0000000100000000)
  eden space 370688K, 0% used [0x00000000d5580000,0x00000000d5580000,0x00000000ebf80000)
  from space 35328K, 99% used [0x00000000eef80000,0x00000000f11fef30,0x00000000f1200000)
  to   space 49152K, 0% used [0x00000000ebf80000,0x00000000ebf80000,0x00000000eef80000)
 ParOldGen       total 150016K, used 70820K [0x0000000080000000, 0x0000000089280000, 0x00000000d5580000)
  object space 150016K, 47% used [0x0000000080000000,0x0000000084529130,0x0000000089280000)
 Metaspace       used 79683K, capacity 83740K, committed 84056K, reserved 1122304K
  class space    used 10793K, capacity 11572K, committed 11648K, reserved 1048576K
}
Event: 37.333 GC heap before
{Heap before GC invocations=14 (full 3):
 PSYoungGen      total 406016K, used 406011K [0x00000000d5580000, 0x00000000f2980000, 0x0000000100000000)
  eden space 370688K, 100% used [0x00000000d5580000,0x00000000ebf80000,0x00000000ebf80000)
  from space 35328K, 99% used [0x00000000eef80000,0x00000000f11fef30,0x00000000f1200000)
  to   space 49152K, 0% used [0x00000000ebf80000,0x00000000ebf80000,0x00000000eef80000)
 ParOldGen       total 150016K, used 70820K [0x0000000080000000, 0x0000000089280000, 0x00000000d5580000)
  object space 150016K, 47% used [0x0000000080000000,0x0000000084529130,0x0000000089280000)
 Metaspace       used 91167K, capacity 95460K, committed 95704K, reserved 1132544K
  class space    used 12097K, capacity 12994K, committed 13056K, reserved 1048576K
Event: 37.446 GC heap after
Heap after GC invocations=14 (full 3):
 PSYoungGen      total 419840K, used 29472K [0x00000000d5580000, 0x00000000f6680000, 0x0000000100000000)
  eden space 370688K, 0% used [0x00000000d5580000,0x00000000d5580000,0x00000000ebf80000)
  from space 49152K, 59% used [0x00000000ebf80000,0x00000000edc48180,0x00000000eef80000)
  to   space 50176K, 0% used [0x00000000f3580000,0x00000000f3580000,0x00000000f6680000)
 ParOldGen       total 150016K, used 105235K [0x0000000080000000, 0x0000000089280000, 0x00000000d5580000)
  object space 150016K, 70% used [0x0000000080000000,0x00000000866c4ed0,0x0000000089280000)
 Metaspace       used 91167K, capacity 95460K, committed 95704K, reserved 1132544K
  class space    used 12097K, capacity 12994K, committed 13056K, reserved 1048576K
}
Event: 37.858 GC heap before
{Heap before GC invocations=15 (full 3):
 PSYoungGen      total 419840K, used 41784K [0x00000000d5580000, 0x00000000f6680000, 0x0000000100000000)
  eden space 370688K, 3% used [0x00000000d5580000,0x00000000d61860e0,0x00000000ebf80000)
  from space 49152K, 59% used [0x00000000ebf80000,0x00000000edc48180,0x00000000eef80000)
  to   space 50176K, 0% used [0x00000000f3580000,0x00000000f3580000,0x00000000f6680000)
 ParOldGen       total 150016K, used 105235K [0x0000000080000000, 0x0000000089280000, 0x00000000d5580000)
  object space 150016K, 70% used [0x0000000080000000,0x00000000866c4ed0,0x0000000089280000)
 Metaspace       used 93835K, capacity 98076K, committed 98380K, reserved 1134592K
  class space    used 12368K, capacity 13224K, committed 13312K, reserved 1048576K
Event: 37.885 GC heap after
Heap after GC invocations=15 (full 3):
 PSYoungGen      total 493056K, used 24736K [0x00000000d5580000, 0x00000000f7d80000, 0x0000000100000000)
  eden space 442880K, 0% used [0x00000000d5580000,0x00000000d5580000,0x00000000f0600000)
  from space 50176K, 49% used [0x00000000f3580000,0x00000000f4da83c8,0x00000000f6680000)
  to   space 48640K, 0% used [0x00000000f0600000,0x00000000f0600000,0x00000000f3580000)
 ParOldGen       total 150016K, used 105243K [0x0000000080000000, 0x0000000089280000, 0x00000000d5580000)
  object space 150016K, 70% used [0x0000000080000000,0x00000000866c6ed0,0x0000000089280000)
 Metaspace       used 93835K, capacity 98076K, committed 98380K, reserved 1134592K
  class space    used 12368K, capacity 13224K, committed 13312K, reserved 1048576K
}
Event: 37.885 GC heap before
{Heap before GC invocations=16 (full 4):
 PSYoungGen      total 493056K, used 24736K [0x00000000d5580000, 0x00000000f7d80000, 0x0000000100000000)
  eden space 442880K, 0% used [0x00000000d5580000,0x00000000d5580000,0x00000000f0600000)
  from space 50176K, 49% used [0x00000000f3580000,0x00000000f4da83c8,0x00000000f6680000)
  to   space 48640K, 0% used [0x00000000f0600000,0x00000000f0600000,0x00000000f3580000)
 ParOldGen       total 150016K, used 105243K [0x0000000080000000, 0x0000000089280000, 0x00000000d5580000)
  object space 150016K, 70% used [0x0000000080000000,0x00000000866c6ed0,0x0000000089280000)
 Metaspace       used 93835K, capacity 98076K, committed 98380K, reserved 1134592K
  class space    used 12368K, capacity 13224K, committed 13312K, reserved 1048576K
Event: 38.514 GC heap after
Heap after GC invocations=16 (full 4):
 PSYoungGen      total 493056K, used 0K [0x00000000d5580000, 0x00000000f7d80000, 0x0000000100000000)
  eden space 442880K, 0% used [0x00000000d5580000,0x00000000d5580000,0x00000000f0600000)
  from space 50176K, 0% used [0x00000000f3580000,0x00000000f3580000,0x00000000f6680000)
  to   space 48640K, 0% used [0x00000000f0600000,0x00000000f0600000,0x00000000f3580000)
 ParOldGen       total 258560K, used 110628K [0x0000000080000000, 0x000000008fc80000, 0x00000000d5580000)
  object space 258560K, 42% used [0x0000000080000000,0x0000000086c09240,0x000000008fc80000)
 Metaspace       used 93615K, capacity 97412K, committed 98380K, reserved 1134592K
  class space    used 12298K, capacity 13100K, committed 13312K, reserved 1048576K
}

