# JRE version: OpenJDK Runtime Environment (8.0_242-b01) (build 1.8.0_242-release-1644-b01)
# Java VM: OpenJDK 64-Bit Server VM (25.242-b01 mixed mode windows-amd64 compressed oops)
Heap:
 PSYoungGen      total 434176K, used 269660K [0x00000000d5580000, 0x00000000fd500000, 0x0000000100000000)
  eden space 337920K, 51% used [0x00000000d5580000,0x00000000e00254e8,0x00000000e9f80000)
  from space 96256K, 98% used [0x00000000e9f80000,0x00000000efc31d00,0x00000000efd80000)
  to   space 111104K, 0% used [0x00000000f6880000,0x00000000f6880000,0x00000000fd500000)
 ParOldGen       total 296448K, used 209802K [0x0000000080000000, 0x0000000092180000, 0x00000000d5580000)
  object space 296448K, 70% used [0x0000000080000000,0x000000008cce2860,0x0000000092180000)
 Metaspace       used 95838K, capacity 101130K, committed 101208K, reserved 1136640K
  class space    used 12893K, capacity 13944K, committed 13952K, reserved 1048576K
GC Heap History (10 events):
Event: 46.967 GC heap before
{Heap before GC invocations=17 (full 4):
 PSYoungGen      total 327168K, used 296509K [0x00000000d5580000, 0x00000000ee000000, 0x0000000100000000)
  eden space 259584K, 100% used [0x00000000d5580000,0x00000000e5300000,0x00000000e5300000)
  from space 67584K, 54% used [0x00000000e9e00000,0x00000000ec20f738,0x00000000ee000000)
  to   space 72192K, 0% used [0x00000000e5300000,0x00000000e5300000,0x00000000e9980000)
 ParOldGen       total 296448K, used 171101K [0x0000000080000000, 0x0000000092180000, 0x00000000d5580000)
  object space 296448K, 57% used [0x0000000080000000,0x000000008a7175a8,0x0000000092180000)
 Metaspace       used 84932K, capacity 88672K, committed 89688K, reserved 1126400K
  class space    used 11193K, capacity 11976K, committed 12160K, reserved 1048576K
Event: 47.022 GC heap after
Heap after GC invocations=17 (full 4):
 PSYoungGen      total 331776K, used 51503K [0x00000000d5580000, 0x00000000f1580000, 0x0000000100000000)
  eden space 259584K, 0% used [0x00000000d5580000,0x00000000d5580000,0x00000000e5300000)
  from space 72192K, 71% used [0x00000000e5300000,0x00000000e854bef0,0x00000000e9980000)
  to   space 76800K, 0% used [0x00000000eca80000,0x00000000eca80000,0x00000000f1580000)
 ParOldGen       total 296448K, used 171109K [0x0000000080000000, 0x0000000092180000, 0x00000000d5580000)
  object space 296448K, 57% used [0x0000000080000000,0x000000008a7195a8,0x0000000092180000)
 Metaspace       used 84932K, capacity 88672K, committed 89688K, reserved 1126400K
  class space    used 11193K, capacity 11976K, committed 12160K, reserved 1048576K
}
Event: 48.965 GC heap before
{Heap before GC invocations=18 (full 4):
 PSYoungGen      total 331776K, used 311087K [0x00000000d5580000, 0x00000000f1580000, 0x0000000100000000)
  eden space 259584K, 100% used [0x00000000d5580000,0x00000000e5300000,0x00000000e5300000)
  from space 72192K, 71% used [0x00000000e5300000,0x00000000e854bef0,0x00000000e9980000)
  to   space 76800K, 0% used [0x00000000eca80000,0x00000000eca80000,0x00000000f1580000)
 ParOldGen       total 296448K, used 171109K [0x0000000080000000, 0x0000000092180000, 0x00000000d5580000)
  object space 296448K, 57% used [0x0000000080000000,0x000000008a7195a8,0x0000000092180000)
 Metaspace       used 84967K, capacity 88736K, committed 89688K, reserved 1126400K
  class space    used 11193K, capacity 11976K, committed 12160K, reserved 1048576K
Event: 49.021 GC heap after
Heap after GC invocations=18 (full 4):
 PSYoungGen      total 376320K, used 57293K [0x00000000d5580000, 0x00000000f2480000, 0x0000000100000000)
  eden space 299520K, 0% used [0x00000000d5580000,0x00000000d5580000,0x00000000e7a00000)
  from space 76800K, 74% used [0x00000000eca80000,0x00000000f0273438,0x00000000f1580000)
  to   space 82432K, 0% used [0x00000000e7a00000,0x00000000e7a00000,0x00000000eca80000)
 ParOldGen       total 296448K, used 171117K [0x0000000080000000, 0x0000000092180000, 0x00000000d5580000)
  object space 296448K, 57% used [0x0000000080000000,0x000000008a71b5a8,0x0000000092180000)
 Metaspace       used 84967K, capacity 88736K, committed 89688K, reserved 1126400K
  class space    used 11193K, capacity 11976K, committed 12160K, reserved 1048576K
}
Event: 53.113 GC heap before
{Heap before GC invocations=19 (full 4):
 PSYoungGen      total 376320K, used 356813K [0x00000000d5580000, 0x00000000f2480000, 0x0000000100000000)
  eden space 299520K, 100% used [0x00000000d5580000,0x00000000e7a00000,0x00000000e7a00000)
  from space 76800K, 74% used [0x00000000eca80000,0x00000000f0273438,0x00000000f1580000)
  to   space 82432K, 0% used [0x00000000e7a00000,0x00000000e7a00000,0x00000000eca80000)
 ParOldGen       total 296448K, used 171117K [0x0000000080000000, 0x0000000092180000, 0x00000000d5580000)
  object space 296448K, 57% used [0x0000000080000000,0x000000008a71b5a8,0x0000000092180000)
 Metaspace       used 85061K, capacity 88738K, committed 89688K, reserved 1126400K
  class space    used 11205K, capacity 11978K, committed 12160K, reserved 1048576K
Event: 53.146 GC heap after
Heap after GC invocations=19 (full 4):
 PSYoungGen      total 381952K, used 50472K [0x00000000d5580000, 0x00000000f4f80000, 0x0000000100000000)
  eden space 299520K, 0% used [0x00000000d5580000,0x00000000d5580000,0x00000000e7a00000)
  from space 82432K, 61% used [0x00000000e7a00000,0x00000000eab4a0a8,0x00000000eca80000)
  to   space 83968K, 0% used [0x00000000efd80000,0x00000000efd80000,0x00000000f4f80000)
 ParOldGen       total 296448K, used 171125K [0x0000000080000000, 0x0000000092180000, 0x00000000d5580000)
  object space 296448K, 57% used [0x0000000080000000,0x000000008a71d5a8,0x0000000092180000)
 Metaspace       used 85061K, capacity 88738K, committed 89688K, reserved 1126400K
  class space    used 11205K, capacity 11978K, committed 12160K, reserved 1048576K
}
Event: 53.776 GC heap before
{Heap before GC invocations=20 (full 4):
 PSYoungGen      total 381952K, used 349992K [0x00000000d5580000, 0x00000000f4f80000, 0x0000000100000000)
  eden space 299520K, 100% used [0x00000000d5580000,0x00000000e7a00000,0x00000000e7a00000)
  from space 82432K, 61% used [0x00000000e7a00000,0x00000000eab4a0a8,0x00000000eca80000)
  to   space 83968K, 0% used [0x00000000efd80000,0x00000000efd80000,0x00000000f4f80000)
 ParOldGen       total 296448K, used 171129K [0x0000000080000000, 0x0000000092180000, 0x00000000d5580000)
  object space 296448K, 57% used [0x0000000080000000,0x000000008a71e5b8,0x0000000092180000)
 Metaspace       used 85563K, capacity 89344K, committed 90200K, reserved 1128448K
  class space    used 11248K, capacity 12021K, committed 12160K, reserved 1048576K
Event: 54.372 GC heap after
Heap after GC invocations=20 (full 4):
 PSYoungGen      total 421888K, used 80394K [0x00000000d5580000, 0x00000000fba00000, 0x0000000100000000)
  eden space 337920K, 0% used [0x00000000d5580000,0x00000000d5580000,0x00000000e9f80000)
  from space 83968K, 95% used [0x00000000efd80000,0x00000000f4c02af8,0x00000000f4f80000)
  to   space 96256K, 0% used [0x00000000e9f80000,0x00000000e9f80000,0x00000000efd80000)
 ParOldGen       total 296448K, used 171137K [0x0000000080000000, 0x0000000092180000, 0x00000000d5580000)
  object space 296448K, 57% used [0x0000000080000000,0x000000008a7205b8,0x0000000092180000)
 Metaspace       used 85563K, capacity 89344K, committed 90200K, reserved 1128448K
  class space    used 11248K, capacity 12021K, committed 12160K, reserved 1048576K
}
Event: 66.674 GC heap before
{Heap before GC invocations=21 (full 4):
 PSYoungGen      total 421888K, used 418314K [0x00000000d5580000, 0x00000000fba00000, 0x0000000100000000)
  eden space 337920K, 100% used [0x00000000d5580000,0x00000000e9f80000,0x00000000e9f80000)
  from space 83968K, 95% used [0x00000000efd80000,0x00000000f4c02af8,0x00000000f4f80000)
  to   space 96256K, 0% used [0x00000000e9f80000,0x00000000e9f80000,0x00000000efd80000)
 ParOldGen       total 296448K, used 171139K [0x0000000080000000, 0x0000000092180000, 0x00000000d5580000)
  object space 296448K, 57% used [0x0000000080000000,0x000000008a720ca8,0x0000000092180000)
 Metaspace       used 94974K, capacity 100106K, committed 100312K, reserved 1136640K
  class space    used 12753K, capacity 13778K, committed 13824K, reserved 1048576K
Event: 66.779 GC heap after
Heap after GC invocations=21 (full 4):
 PSYoungGen      total 434176K, used 94919K [0x00000000d5580000, 0x00000000fd500000, 0x0000000100000000)
  eden space 337920K, 0% used [0x00000000d5580000,0x00000000d5580000,0x00000000e9f80000)
  from space 96256K, 98% used [0x00000000e9f80000,0x00000000efc31d00,0x00000000efd80000)
  to   space 111104K, 0% used [0x00000000f6880000,0x00000000f6880000,0x00000000fd500000)
 ParOldGen       total 296448K, used 209802K [0x0000000080000000, 0x0000000092180000, 0x00000000d5580000)
  object space 296448K, 70% used [0x0000000080000000,0x000000008cce2860,0x0000000092180000)
 Metaspace       used 94974K, capacity 100106K, committed 100312K, reserved 1136640K
  class space    used 12753K, capacity 13778K, committed 13824K, reserved 1048576K
}

